This file contains any messages produced by compilers while
running configure, to aid debugging if configure makes a mistake.

It was created by configure, which was
generated by GNU Autoconf 2.68.  Invocation command line was

  $ ./configure 

## --------- ##
## Platform. ##
## --------- ##

hostname = hamid-Satellite-C40-A
uname -m = i686
uname -r = 3.11.0-15-generic
uname -s = Linux
uname -v = #25~precise1-Ubuntu SMP Thu Jan 30 17:42:40 UTC 2014

/usr/bin/uname -p = unknown
/bin/uname -X     = unknown

/bin/arch              = unknown
/usr/bin/arch -k       = unknown
/usr/convex/getsysinfo = unknown
/usr/bin/hostinfo      = unknown
/bin/machine           = unknown
/usr/bin/oslevel       = unknown
/bin/universe          = unknown

PATH: /usr/lib/lightdm/lightdm
PATH: /usr/local/sbin
PATH: /usr/local/bin
PATH: /usr/sbin
PATH: /usr/bin
PATH: /sbin
PATH: /bin
PATH: /usr/games


## ----------- ##
## Core tests. ##
## ----------- ##

configure:2473: checking build system type
configure:2487: result: i686-pc-linux-gnu
configure:2507: checking host system type
configure:2520: result: i686-pc-linux-gnu
configure:2540: checking target system type
configure:2553: result: i686-pc-linux-gnu
configure:2615: checking for a BSD-compatible install
configure:2683: result: /usr/bin/install -c
configure:2694: checking whether build environment is sane
configure:2744: result: yes
configure:2885: checking for a thread-safe mkdir -p
configure:2924: result: /bin/mkdir -p
configure:2937: checking for gawk
configure:2967: result: no
configure:2937: checking for mawk
configure:2953: found /usr/bin/mawk
configure:2964: result: mawk
configure:2975: checking whether make sets $(MAKE)
configure:2997: result: yes
configure:3069: checking whether to enable maintainer-specific portions of Makefiles
configure:3078: result: no
configure:3143: checking for gcc
configure:3159: found /usr/bin/gcc
configure:3170: result: gcc
configure:3399: checking for C compiler version
configure:3408: gcc --version >&5
gcc (Ubuntu/Linaro 4.6.3-1ubuntu5) 4.6.3
Copyright (C) 2011 Free Software Foundation, Inc.
This is free software; see the source for copying conditions.  There is NO
warranty; not even for MERCHANTABILITY or FITNESS FOR A PARTICULAR PURPOSE.

configure:3419: $? = 0
configure:3408: gcc -v >&5
Using built-in specs.
COLLECT_GCC=gcc
COLLECT_LTO_WRAPPER=/usr/lib/gcc/i686-linux-gnu/4.6/lto-wrapper
Target: i686-linux-gnu
Configured with: ../src/configure -v --with-pkgversion='Ubuntu/Linaro 4.6.3-1ubuntu5' --with-bugurl=file:///usr/share/doc/gcc-4.6/README.Bugs --enable-languages=c,c++,fortran,objc,obj-c++ --prefix=/usr --program-suffix=-4.6 --enable-shared --enable-linker-build-id --with-system-zlib --libexecdir=/usr/lib --without-included-gettext --enable-threads=posix --with-gxx-include-dir=/usr/include/c++/4.6 --libdir=/usr/lib --enable-nls --with-sysroot=/ --enable-clocale=gnu --enable-libstdcxx-debug --enable-libstdcxx-time=yes --enable-gnu-unique-object --enable-plugin --enable-objc-gc --enable-targets=all --disable-werror --with-arch-32=i686 --with-tune=generic --enable-checking=release --build=i686-linux-gnu --host=i686-linux-gnu --target=i686-linux-gnu
Thread model: posix
gcc version 4.6.3 (Ubuntu/Linaro 4.6.3-1ubuntu5) 
configure:3419: $? = 0
configure:3408: gcc -V >&5
gcc: error: unrecognized option '-V'
gcc: fatal error: no input files
compilation terminated.
configure:3419: $? = 4
configure:3408: gcc -qversion >&5
gcc: error: unrecognized option '-qversion'
gcc: fatal error: no input files
compilation terminated.
configure:3419: $? = 4
configure:3439: checking whether the C compiler works
configure:3461: gcc    conftest.c  >&5
configure:3465: $? = 0
configure:3513: result: yes
configure:3516: checking for C compiler default output file name
configure:3518: result: a.out
configure:3524: checking for suffix of executables
configure:3531: gcc -o conftest    conftest.c  >&5
configure:3535: $? = 0
configure:3557: result: 
configure:3579: checking whether we are cross compiling
configure:3587: gcc -o conftest    conftest.c  >&5
configure:3591: $? = 0
configure:3598: ./conftest
configure:3602: $? = 0
configure:3617: result: no
configure:3622: checking for suffix of object files
configure:3644: gcc -c   conftest.c >&5
configure:3648: $? = 0
configure:3669: result: o
configure:3673: checking whether we are using the GNU C compiler
configure:3692: gcc -c   conftest.c >&5
configure:3692: $? = 0
configure:3701: result: yes
configure:3710: checking whether gcc accepts -g
configure:3730: gcc -c -g  conftest.c >&5
configure:3730: $? = 0
configure:3771: result: yes
configure:3788: checking for gcc option to accept ISO C89
configure:3852: gcc  -c -g -O2  conftest.c >&5
configure:3852: $? = 0
configure:3865: result: none needed
configure:3896: checking for style of include used by make
configure:3924: result: GNU
configure:3950: checking dependency style of gcc
configure:4061: result: gcc3
configure:4430: checking how to print strings
configure:4457: result: printf
configure:4478: checking for a sed that does not truncate output
configure:4542: result: /bin/sed
configure:4560: checking for grep that handles long lines and -e
configure:4618: result: /bin/grep
configure:4623: checking for egrep
configure:4685: result: /bin/grep -E
configure:4690: checking for fgrep
configure:4752: result: /bin/grep -F
configure:4787: checking for ld used by gcc
configure:4854: result: /usr/bin/ld
configure:4861: checking if the linker (/usr/bin/ld) is GNU ld
configure:4876: result: yes
configure:4888: checking for BSD- or MS-compatible name lister (nm)
configure:4937: result: /usr/bin/nm -B
configure:5067: checking the name lister (/usr/bin/nm -B) interface
configure:5074: gcc -c -g -O2  conftest.c >&5
configure:5077: /usr/bin/nm -B "conftest.o"
configure:5080: output
00000000 B some_variable
configure:5087: result: BSD nm
configure:5090: checking whether ln -s works
configure:5094: result: yes
configure:5102: checking the maximum length of command line arguments
configure:5232: result: 1572864
configure:5249: checking whether the shell understands some XSI constructs
configure:5259: result: yes
configure:5263: checking whether the shell understands "+="
configure:5269: result: yes
configure:5304: checking how to convert i686-pc-linux-gnu file names to i686-pc-linux-gnu format
configure:5344: result: func_convert_file_noop
configure:5351: checking how to convert i686-pc-linux-gnu file names to toolchain format
configure:5371: result: func_convert_file_noop
configure:5378: checking for /usr/bin/ld option to reload object files
configure:5385: result: -r
configure:5459: checking for objdump
configure:5486: result: objdump
configure:5515: checking how to recognize dependent libraries
configure:5717: result: pass_all
configure:5802: checking for dlltool
configure:5829: result: dlltool
configure:5859: checking how to associate runtime and link libraries
configure:5886: result: printf %s\n
configure:5947: checking for ar
configure:5963: found /usr/bin/ar
configure:5974: result: ar
configure:6011: checking for archiver @FILE support
configure:6028: gcc -c -g -O2  conftest.c >&5
configure:6028: $? = 0
configure:6031: ar cru libconftest.a @conftest.lst >&5
configure:6034: $? = 0
configure:6039: ar cru libconftest.a @conftest.lst >&5
ar: conftest.o: No such file or directory
configure:6042: $? = 1
configure:6054: result: @
configure:6112: checking for strip
configure:6128: found /usr/bin/strip
configure:6139: result: strip
configure:6211: checking for ranlib
configure:6227: found /usr/bin/ranlib
configure:6238: result: ranlib
configure:6340: checking command to parse /usr/bin/nm -B output from gcc object
configure:6460: gcc -c -g -O2  conftest.c >&5
configure:6463: $? = 0
configure:6467: /usr/bin/nm -B conftest.o \| sed -n -e 's/^.*[ ]\([ABCDGIRSTW][ABCDGIRSTW]*\)[ ][ ]*\([_A-Za-z][_A-Za-z0-9]*\)$/\1 \2 \2/p' | sed '/ __gnu_lto/d' \> conftest.nm
configure:6470: $? = 0
configure:6536: gcc -o conftest -g -O2   conftest.c conftstm.o >&5
configure:6539: $? = 0
configure:6577: result: ok
configure:6614: checking for sysroot
configure:6644: result: no
configure:6900: checking for mt
configure:6916: found /bin/mt
configure:6927: result: mt
configure:6950: checking if mt is a manifest tool
configure:6956: mt '-?'
configure:6964: result: no
configure:7606: checking how to run the C preprocessor
configure:7637: gcc -E  conftest.c
configure:7637: $? = 0
configure:7651: gcc -E  conftest.c
conftest.c:9:28: fatal error: ac_nonexistent.h: No such file or directory
compilation terminated.
configure:7651: $? = 1
configure: failed program was:
| /* confdefs.h */
| #define PACKAGE_NAME ""
| #define PACKAGE_TARNAME ""
| #define PACKAGE_VERSION ""
| #define PACKAGE_STRING ""
| #define PACKAGE_BUGREPORT ""
| #define PACKAGE_URL ""
| /* end confdefs.h.  */
| #include <ac_nonexistent.h>
configure:7676: result: gcc -E
configure:7696: gcc -E  conftest.c
configure:7696: $? = 0
configure:7710: gcc -E  conftest.c
conftest.c:9:28: fatal error: ac_nonexistent.h: No such file or directory
compilation terminated.
configure:7710: $? = 1
configure: failed program was:
| /* confdefs.h */
| #define PACKAGE_NAME ""
| #define PACKAGE_TARNAME ""
| #define PACKAGE_VERSION ""
| #define PACKAGE_STRING ""
| #define PACKAGE_BUGREPORT ""
| #define PACKAGE_URL ""
| /* end confdefs.h.  */
| #include <ac_nonexistent.h>
configure:7739: checking for ANSI C header files
configure:7759: gcc -c -g -O2  conftest.c >&5
configure:7759: $? = 0
configure:7832: gcc -o conftest -g -O2   conftest.c  >&5
configure:7832: $? = 0
configure:7832: ./conftest
configure:7832: $? = 0
configure:7843: result: yes
configure:7856: checking for sys/types.h
configure:7856: gcc -c -g -O2  conftest.c >&5
configure:7856: $? = 0
configure:7856: result: yes
configure:7856: checking for sys/stat.h
configure:7856: gcc -c -g -O2  conftest.c >&5
configure:7856: $? = 0
configure:7856: result: yes
configure:7856: checking for stdlib.h
configure:7856: gcc -c -g -O2  conftest.c >&5
configure:7856: $? = 0
configure:7856: result: yes
configure:7856: checking for string.h
configure:7856: gcc -c -g -O2  conftest.c >&5
configure:7856: $? = 0
configure:7856: result: yes
configure:7856: checking for memory.h
configure:7856: gcc -c -g -O2  conftest.c >&5
configure:7856: $? = 0
configure:7856: result: yes
configure:7856: checking for strings.h
configure:7856: gcc -c -g -O2  conftest.c >&5
configure:7856: $? = 0
configure:7856: result: yes
configure:7856: checking for inttypes.h
configure:7856: gcc -c -g -O2  conftest.c >&5
configure:7856: $? = 0
configure:7856: result: yes
configure:7856: checking for stdint.h
configure:7856: gcc -c -g -O2  conftest.c >&5
configure:7856: $? = 0
configure:7856: result: yes
configure:7856: checking for unistd.h
configure:7856: gcc -c -g -O2  conftest.c >&5
configure:7856: $? = 0
configure:7856: result: yes
configure:7870: checking for dlfcn.h
configure:7870: gcc -c -g -O2  conftest.c >&5
configure:7870: $? = 0
configure:7870: result: yes
configure:8072: checking for objdir
configure:8087: result: .libs
configure:8358: checking if gcc supports -fno-rtti -fno-exceptions
configure:8376: gcc -c -g -O2  -fno-rtti -fno-exceptions conftest.c >&5
cc1: warning: command line option '-fno-rtti' is valid for C++/ObjC++ but not for C [enabled by default]
configure:8380: $? = 0
configure:8393: result: no
configure:8720: checking for gcc option to produce PIC
configure:8727: result: -fPIC -DPIC
configure:8735: checking if gcc PIC flag -fPIC -DPIC works
configure:8753: gcc -c -g -O2  -fPIC -DPIC -DPIC conftest.c >&5
configure:8757: $? = 0
configure:8770: result: yes
configure:8799: checking if gcc static flag -static works
configure:8827: result: yes
configure:8842: checking if gcc supports -c -o file.o
configure:8863: gcc -c -g -O2  -o out/conftest2.o conftest.c >&5
configure:8867: $? = 0
configure:8889: result: yes
configure:8897: checking if gcc supports -c -o file.o
configure:8944: result: yes
configure:8977: checking whether the gcc linker (/usr/bin/ld) supports shared libraries
configure:10134: result: yes
configure:10171: checking whether -lc should be explicitly linked in
configure:10179: gcc -c -g -O2  conftest.c >&5
configure:10182: $? = 0
configure:10197: gcc -shared  -fPIC -DPIC conftest.o  -v -Wl,-soname -Wl,conftest -o conftest 2\>\&1 \| /bin/grep  -lc  \>/dev/null 2\>\&1
configure:10200: $? = 0
configure:10214: result: no
configure:10374: checking dynamic linker characteristics
configure:10885: gcc -o conftest -g -O2   -Wl,-rpath -Wl,/foo conftest.c  >&5
configure:10885: $? = 0
configure:11119: result: GNU/Linux ld.so
configure:11226: checking how to hardcode library paths into programs
configure:11251: result: immediate
configure:11345: checking for shl_load
configure:11345: gcc -o conftest -g -O2   conftest.c  >&5
/tmp/ccknNEyP.o: In function `main':
/bd_geonode/geos-3.3.8/conftest.c:55: undefined reference to `shl_load'
collect2: ld returned 1 exit status
configure:11345: $? = 1
configure: failed program was:
| /* confdefs.h */
| #define PACKAGE_NAME ""
| #define PACKAGE_TARNAME ""
| #define PACKAGE_VERSION ""
| #define PACKAGE_STRING ""
| #define PACKAGE_BUGREPORT ""
| #define PACKAGE_URL ""
| #define STDC_HEADERS 1
| #define HAVE_SYS_TYPES_H 1
| #define HAVE_SYS_STAT_H 1
| #define HAVE_STDLIB_H 1
| #define HAVE_STRING_H 1
| #define HAVE_MEMORY_H 1
| #define HAVE_STRINGS_H 1
| #define HAVE_INTTYPES_H 1
| #define HAVE_STDINT_H 1
| #define HAVE_UNISTD_H 1
| #define HAVE_DLFCN_H 1
| #define LT_OBJDIR ".libs/"
| /* end confdefs.h.  */
| /* Define shl_load to an innocuous variant, in case <limits.h> declares shl_load.
|    For example, HP-UX 11i <limits.h> declares gettimeofday.  */
| #define shl_load innocuous_shl_load
| 
| /* System header to define __stub macros and hopefully few prototypes,
|     which can conflict with char shl_load (); below.
|     Prefer <limits.h> to <assert.h> if __STDC__ is defined, since
|     <limits.h> exists even on freestanding compilers.  */
| 
| #ifdef __STDC__
| # include <limits.h>
| #else
| # include <assert.h>
| #endif
| 
| #undef shl_load
| 
| /* Override any GCC internal prototype to avoid an error.
|    Use char because int might match the return type of a GCC
|    builtin and then its argument prototype would still apply.  */
| #ifdef __cplusplus
| extern "C"
| #endif
| char shl_load ();
| /* The GNU C library defines this for functions which it implements
|     to always fail with ENOSYS.  Some functions are actually named
|     something starting with __ and the normal name is an alias.  */
| #if defined __stub_shl_load || defined __stub___shl_load
| choke me
| #endif
| 
| int
| main ()
| {
| return shl_load ();
|   ;
|   return 0;
| }
configure:11345: result: no
configure:11349: checking for shl_load in -ldld
configure:11374: gcc -o conftest -g -O2   conftest.c -ldld   >&5
/usr/bin/ld: cannot find -ldld
collect2: ld returned 1 exit status
configure:11374: $? = 1
configure: failed program was:
| /* confdefs.h */
| #define PACKAGE_NAME ""
| #define PACKAGE_TARNAME ""
| #define PACKAGE_VERSION ""
| #define PACKAGE_STRING ""
| #define PACKAGE_BUGREPORT ""
| #define PACKAGE_URL ""
| #define STDC_HEADERS 1
| #define HAVE_SYS_TYPES_H 1
| #define HAVE_SYS_STAT_H 1
| #define HAVE_STDLIB_H 1
| #define HAVE_STRING_H 1
| #define HAVE_MEMORY_H 1
| #define HAVE_STRINGS_H 1
| #define HAVE_INTTYPES_H 1
| #define HAVE_STDINT_H 1
| #define HAVE_UNISTD_H 1
| #define HAVE_DLFCN_H 1
| #define LT_OBJDIR ".libs/"
| /* end confdefs.h.  */
| 
| /* Override any GCC internal prototype to avoid an error.
|    Use char because int might match the return type of a GCC
|    builtin and then its argument prototype would still apply.  */
| #ifdef __cplusplus
| extern "C"
| #endif
| char shl_load ();
| int
| main ()
| {
| return shl_load ();
|   ;
|   return 0;
| }
configure:11383: result: no
configure:11388: checking for dlopen
configure:11388: gcc -o conftest -g -O2   conftest.c  >&5
/tmp/ccWWxmmV.o: In function `main':
/bd_geonode/geos-3.3.8/conftest.c:55: undefined reference to `dlopen'
collect2: ld returned 1 exit status
configure:11388: $? = 1
configure: failed program was:
| /* confdefs.h */
| #define PACKAGE_NAME ""
| #define PACKAGE_TARNAME ""
| #define PACKAGE_VERSION ""
| #define PACKAGE_STRING ""
| #define PACKAGE_BUGREPORT ""
| #define PACKAGE_URL ""
| #define STDC_HEADERS 1
| #define HAVE_SYS_TYPES_H 1
| #define HAVE_SYS_STAT_H 1
| #define HAVE_STDLIB_H 1
| #define HAVE_STRING_H 1
| #define HAVE_MEMORY_H 1
| #define HAVE_STRINGS_H 1
| #define HAVE_INTTYPES_H 1
| #define HAVE_STDINT_H 1
| #define HAVE_UNISTD_H 1
| #define HAVE_DLFCN_H 1
| #define LT_OBJDIR ".libs/"
| /* end confdefs.h.  */
| /* Define dlopen to an innocuous variant, in case <limits.h> declares dlopen.
|    For example, HP-UX 11i <limits.h> declares gettimeofday.  */
| #define dlopen innocuous_dlopen
| 
| /* System header to define __stub macros and hopefully few prototypes,
|     which can conflict with char dlopen (); below.
|     Prefer <limits.h> to <assert.h> if __STDC__ is defined, since
|     <limits.h> exists even on freestanding compilers.  */
| 
| #ifdef __STDC__
| # include <limits.h>
| #else
| # include <assert.h>
| #endif
| 
| #undef dlopen
| 
| /* Override any GCC internal prototype to avoid an error.
|    Use char because int might match the return type of a GCC
|    builtin and then its argument prototype would still apply.  */
| #ifdef __cplusplus
| extern "C"
| #endif
| char dlopen ();
| /* The GNU C library defines this for functions which it implements
|     to always fail with ENOSYS.  Some functions are actually named
|     something starting with __ and the normal name is an alias.  */
| #if defined __stub_dlopen || defined __stub___dlopen
| choke me
| #endif
| 
| int
| main ()
| {
| return dlopen ();
|   ;
|   return 0;
| }
configure:11388: result: no
configure:11392: checking for dlopen in -ldl
configure:11417: gcc -o conftest -g -O2   conftest.c -ldl   >&5
configure:11417: $? = 0
configure:11426: result: yes
configure:11545: checking whether a program can dlopen itself
configure:11625: gcc -o conftest -g -O2  -DHAVE_DLFCN_H  -Wl,--export-dynamic conftest.c -ldl  >&5
configure:11628: $? = 0
configure:11646: result: yes
configure:11651: checking whether a statically linked program can dlopen itself
configure:11731: gcc -o conftest -g -O2  -DHAVE_DLFCN_H  -Wl,--export-dynamic -static conftest.c -ldl  >&5
/tmp/ccqjCyC8.o: In function `main':
/bd_geonode/geos-3.3.8/configure:11710: warning: Using 'dlopen' in statically linked applications requires at runtime the shared libraries from the glibc version used for linking
/usr/bin/ld: dynamic STT_GNU_IFUNC symbol `strcmp' with pointer equality in `/usr/lib/gcc/i686-linux-gnu/4.6/../../../i386-linux-gnu/libc.a(strcmp.o)' can not be used when making an executable; recompile with -fPIE and relink with -pie
collect2: ld returned 1 exit status
configure:11734: $? = 1
configure:11752: result: no
configure:11791: checking whether stripping libraries is possible
configure:11796: result: yes
configure:11831: checking if libtool supports shared libraries
configure:11833: result: yes
configure:11836: checking whether to build shared libraries
configure:11857: result: yes
configure:11860: checking whether to build static libraries
configure:11864: result: yes
configure:11960: checking for g++
configure:11976: found /usr/bin/g++
configure:11987: result: g++
configure:12014: checking for C++ compiler version
configure:12023: g++ --version >&5
g++ (Ubuntu/Linaro 4.6.3-1ubuntu5) 4.6.3
Copyright (C) 2011 Free Software Foundation, Inc.
This is free software; see the source for copying conditions.  There is NO
warranty; not even for MERCHANTABILITY or FITNESS FOR A PARTICULAR PURPOSE.

configure:12034: $? = 0
configure:12023: g++ -v >&5
Using built-in specs.
COLLECT_GCC=g++
COLLECT_LTO_WRAPPER=/usr/lib/gcc/i686-linux-gnu/4.6/lto-wrapper
Target: i686-linux-gnu
Configured with: ../src/configure -v --with-pkgversion='Ubuntu/Linaro 4.6.3-1ubuntu5' --with-bugurl=file:///usr/share/doc/gcc-4.6/README.Bugs --enable-languages=c,c++,fortran,objc,obj-c++ --prefix=/usr --program-suffix=-4.6 --enable-shared --enable-linker-build-id --with-system-zlib --libexecdir=/usr/lib --without-included-gettext --enable-threads=posix --with-gxx-include-dir=/usr/include/c++/4.6 --libdir=/usr/lib --enable-nls --with-sysroot=/ --enable-clocale=gnu --enable-libstdcxx-debug --enable-libstdcxx-time=yes --enable-gnu-unique-object --enable-plugin --enable-objc-gc --enable-targets=all --disable-werror --with-arch-32=i686 --with-tune=generic --enable-checking=release --build=i686-linux-gnu --host=i686-linux-gnu --target=i686-linux-gnu
Thread model: posix
gcc version 4.6.3 (Ubuntu/Linaro 4.6.3-1ubuntu5) 
configure:12034: $? = 0
configure:12023: g++ -V >&5
g++: error: unrecognized option '-V'
g++: fatal error: no input files
compilation terminated.
configure:12034: $? = 4
configure:12023: g++ -qversion >&5
g++: error: unrecognized option '-qversion'
g++: fatal error: no input files
compilation terminated.
configure:12034: $? = 4
configure:12038: checking whether we are using the GNU C++ compiler
configure:12057: g++ -c   conftest.cpp >&5
configure:12057: $? = 0
configure:12066: result: yes
configure:12075: checking whether g++ accepts -g
configure:12095: g++ -c -g  conftest.cpp >&5
configure:12095: $? = 0
configure:12136: result: yes
configure:12161: checking dependency style of g++
configure:12272: result: gcc3
configure:12305: checking how to run the C++ preprocessor
configure:12332: g++ -E  conftest.cpp
configure:12332: $? = 0
configure:12346: g++ -E  conftest.cpp
conftest.cpp:21:28: fatal error: ac_nonexistent.h: No such file or directory
compilation terminated.
configure:12346: $? = 1
configure: failed program was:
| /* confdefs.h */
| #define PACKAGE_NAME ""
| #define PACKAGE_TARNAME ""
| #define PACKAGE_VERSION ""
| #define PACKAGE_STRING ""
| #define PACKAGE_BUGREPORT ""
| #define PACKAGE_URL ""
| #define STDC_HEADERS 1
| #define HAVE_SYS_TYPES_H 1
| #define HAVE_SYS_STAT_H 1
| #define HAVE_STDLIB_H 1
| #define HAVE_STRING_H 1
| #define HAVE_MEMORY_H 1
| #define HAVE_STRINGS_H 1
| #define HAVE_INTTYPES_H 1
| #define HAVE_STDINT_H 1
| #define HAVE_UNISTD_H 1
| #define HAVE_DLFCN_H 1
| #define LT_OBJDIR ".libs/"
| /* end confdefs.h.  */
| #include <ac_nonexistent.h>
configure:12371: result: g++ -E
configure:12391: g++ -E  conftest.cpp
configure:12391: $? = 0
configure:12405: g++ -E  conftest.cpp
conftest.cpp:21:28: fatal error: ac_nonexistent.h: No such file or directory
compilation terminated.
configure:12405: $? = 1
configure: failed program was:
| /* confdefs.h */
| #define PACKAGE_NAME ""
| #define PACKAGE_TARNAME ""
| #define PACKAGE_VERSION ""
| #define PACKAGE_STRING ""
| #define PACKAGE_BUGREPORT ""
| #define PACKAGE_URL ""
| #define STDC_HEADERS 1
| #define HAVE_SYS_TYPES_H 1
| #define HAVE_SYS_STAT_H 1
| #define HAVE_STDLIB_H 1
| #define HAVE_STRING_H 1
| #define HAVE_MEMORY_H 1
| #define HAVE_STRINGS_H 1
| #define HAVE_INTTYPES_H 1
| #define HAVE_STDINT_H 1
| #define HAVE_UNISTD_H 1
| #define HAVE_DLFCN_H 1
| #define LT_OBJDIR ".libs/"
| /* end confdefs.h.  */
| #include <ac_nonexistent.h>
configure:12574: checking for ld used by g++
configure:12641: result: /usr/bin/ld
configure:12648: checking if the linker (/usr/bin/ld) is GNU ld
configure:12663: result: yes
configure:12718: checking whether the g++ linker (/usr/bin/ld) supports shared libraries
configure:13723: result: yes
configure:13759: g++ -c -g -O2  conftest.cpp >&5
configure:13762: $? = 0
configure:14282: checking for g++ option to produce PIC
configure:14289: result: -fPIC -DPIC
configure:14297: checking if g++ PIC flag -fPIC -DPIC works
configure:14315: g++ -c -g -O2  -fPIC -DPIC -DPIC conftest.cpp >&5
configure:14319: $? = 0
configure:14332: result: yes
configure:14355: checking if g++ static flag -static works
configure:14383: result: yes
configure:14395: checking if g++ supports -c -o file.o
configure:14416: g++ -c -g -O2  -o out/conftest2.o conftest.cpp >&5
configure:14420: $? = 0
configure:14442: result: yes
configure:14447: checking if g++ supports -c -o file.o
configure:14494: result: yes
configure:14524: checking whether the g++ linker (/usr/bin/ld) supports shared libraries
configure:14563: result: yes
configure:14704: checking dynamic linker characteristics
configure:15383: result: GNU/Linux ld.so
configure:15436: checking how to hardcode library paths into programs
configure:15461: result: immediate
configure:15501: checking for library containing strerror
configure:15532: gcc -o conftest -g -O2   conftest.c  >&5
configure:15532: $? = 0
configure:15549: result: none required
configure:15558: checking whether make sets $(MAKE)
configure:15580: result: yes
configure:15593: checking for dirent.h that defines DIR
configure:15612: gcc -c -g -O2  conftest.c >&5
configure:15612: $? = 0
configure:15620: result: yes
configure:15633: checking for library containing opendir
configure:15664: gcc -o conftest -g -O2   conftest.c  >&5
configure:15664: $? = 0
configure:15681: result: none required
configure:15748: checking whether closedir returns void
configure:15772: gcc -o conftest -g -O2   conftest.c  >&5
configure:15772: $? = 0
configure:15772: ./conftest
configure:15772: $? = 0
configure:15782: result: no
configure:15790: checking for working memcmp
configure:15833: gcc -o conftest -g -O2   conftest.c  >&5
configure:15833: $? = 0
configure:15833: ./conftest
configure:15833: $? = 0
configure:15843: result: yes
configure:15854: checking for strftime
configure:15854: gcc -o conftest -g -O2   conftest.c  >&5
conftest.c:45:6: warning: conflicting types for built-in function 'strftime' [enabled by default]
configure:15854: $? = 0
configure:15854: result: yes
configure:15909: checking for vprintf
configure:15909: gcc -o conftest -g -O2   conftest.c  >&5
conftest.c:46:6: warning: conflicting types for built-in function 'vprintf' [enabled by default]
configure:15909: $? = 0
configure:15909: result: yes
configure:15915: checking for _doprnt
configure:15915: gcc -o conftest -g -O2   conftest.c  >&5
/tmp/ccZcQyMp.o: In function `main':
/bd_geonode/geos-3.3.8/conftest.c:58: undefined reference to `_doprnt'
collect2: ld returned 1 exit status
configure:15915: $? = 1
configure: failed program was:
| /* confdefs.h */
| #define PACKAGE_NAME ""
| #define PACKAGE_TARNAME ""
| #define PACKAGE_VERSION ""
| #define PACKAGE_STRING ""
| #define PACKAGE_BUGREPORT ""
| #define PACKAGE_URL ""
| #define STDC_HEADERS 1
| #define HAVE_SYS_TYPES_H 1
| #define HAVE_SYS_STAT_H 1
| #define HAVE_STDLIB_H 1
| #define HAVE_STRING_H 1
| #define HAVE_MEMORY_H 1
| #define HAVE_STRINGS_H 1
| #define HAVE_INTTYPES_H 1
| #define HAVE_STDINT_H 1
| #define HAVE_UNISTD_H 1
| #define HAVE_DLFCN_H 1
| #define LT_OBJDIR ".libs/"
| #define HAVE_DIRENT_H 1
| #define HAVE_STRFTIME 1
| #define HAVE_VPRINTF 1
| /* end confdefs.h.  */
| /* Define _doprnt to an innocuous variant, in case <limits.h> declares _doprnt.
|    For example, HP-UX 11i <limits.h> declares gettimeofday.  */
| #define _doprnt innocuous__doprnt
| 
| /* System header to define __stub macros and hopefully few prototypes,
|     which can conflict with char _doprnt (); below.
|     Prefer <limits.h> to <assert.h> if __STDC__ is defined, since
|     <limits.h> exists even on freestanding compilers.  */
| 
| #ifdef __STDC__
| # include <limits.h>
| #else
| # include <assert.h>
| #endif
| 
| #undef _doprnt
| 
| /* Override any GCC internal prototype to avoid an error.
|    Use char because int might match the return type of a GCC
|    builtin and then its argument prototype would still apply.  */
| #ifdef __cplusplus
| extern "C"
| #endif
| char _doprnt ();
| /* The GNU C library defines this for functions which it implements
|     to always fail with ENOSYS.  Some functions are actually named
|     something starting with __ and the normal name is an alias.  */
| #if defined __stub__doprnt || defined __stub____doprnt
| choke me
| #endif
| 
| int
| main ()
| {
| return _doprnt ();
|   ;
|   return 0;
| }
configure:15915: result: no
configure:15926: checking for size_t
configure:15926: gcc -c -g -O2  conftest.c >&5
configure:15926: $? = 0
configure:15926: gcc -c -g -O2  conftest.c >&5
conftest.c: In function 'main':
conftest.c:60:21: error: expected expression before ')' token
configure:15926: $? = 1
configure: failed program was:
| /* confdefs.h */
| #define PACKAGE_NAME ""
| #define PACKAGE_TARNAME ""
| #define PACKAGE_VERSION ""
| #define PACKAGE_STRING ""
| #define PACKAGE_BUGREPORT ""
| #define PACKAGE_URL ""
| #define STDC_HEADERS 1
| #define HAVE_SYS_TYPES_H 1
| #define HAVE_SYS_STAT_H 1
| #define HAVE_STDLIB_H 1
| #define HAVE_STRING_H 1
| #define HAVE_MEMORY_H 1
| #define HAVE_STRINGS_H 1
| #define HAVE_INTTYPES_H 1
| #define HAVE_STDINT_H 1
| #define HAVE_UNISTD_H 1
| #define HAVE_DLFCN_H 1
| #define LT_OBJDIR ".libs/"
| #define HAVE_DIRENT_H 1
| #define HAVE_STRFTIME 1
| #define HAVE_VPRINTF 1
| /* end confdefs.h.  */
| #include <stdio.h>
| #ifdef HAVE_SYS_TYPES_H
| # include <sys/types.h>
| #endif
| #ifdef HAVE_SYS_STAT_H
| # include <sys/stat.h>
| #endif
| #ifdef STDC_HEADERS
| # include <stdlib.h>
| # include <stddef.h>
| #else
| # ifdef HAVE_STDLIB_H
| #  include <stdlib.h>
| # endif
| #endif
| #ifdef HAVE_STRING_H
| # if !defined STDC_HEADERS && defined HAVE_MEMORY_H
| #  include <memory.h>
| # endif
| # include <string.h>
| #endif
| #ifdef HAVE_STRINGS_H
| # include <strings.h>
| #endif
| #ifdef HAVE_INTTYPES_H
| # include <inttypes.h>
| #endif
| #ifdef HAVE_STDINT_H
| # include <stdint.h>
| #endif
| #ifdef HAVE_UNISTD_H
| # include <unistd.h>
| #endif
| int
| main ()
| {
| if (sizeof ((size_t)))
| 	    return 0;
|   ;
|   return 0;
| }
configure:15926: result: yes
configure:15939: checking for working alloca.h
configure:15956: gcc -o conftest -g -O2   conftest.c  >&5
configure:15956: $? = 0
configure:15964: result: yes
configure:15972: checking for alloca
configure:16009: gcc -o conftest -g -O2   conftest.c  >&5
configure:16009: $? = 0
configure:16017: result: yes
configure:16129: checking for dirent.h that defines DIR
configure:16156: result: yes
configure:16169: checking for library containing opendir
configure:16217: result: none required
configure:16284: checking for ANSI C header files
configure:16388: result: yes
configure:16398: checking for memory.h
configure:16398: result: yes
configure:16410: checking for unistd.h
configure:16410: result: yes
configure:16422: checking ieeefp.h usability
configure:16422: gcc -c -g -O2  conftest.c >&5
conftest.c:63:20: fatal error: ieeefp.h: No such file or directory
compilation terminated.
configure:16422: $? = 1
configure: failed program was:
| /* confdefs.h */
| #define PACKAGE_NAME ""
| #define PACKAGE_TARNAME ""
| #define PACKAGE_VERSION ""
| #define PACKAGE_STRING ""
| #define PACKAGE_BUGREPORT ""
| #define PACKAGE_URL ""
| #define STDC_HEADERS 1
| #define HAVE_SYS_TYPES_H 1
| #define HAVE_SYS_STAT_H 1
| #define HAVE_STDLIB_H 1
| #define HAVE_STRING_H 1
| #define HAVE_MEMORY_H 1
| #define HAVE_STRINGS_H 1
| #define HAVE_INTTYPES_H 1
| #define HAVE_STDINT_H 1
| #define HAVE_UNISTD_H 1
| #define HAVE_DLFCN_H 1
| #define LT_OBJDIR ".libs/"
| #define HAVE_DIRENT_H 1
| #define HAVE_STRFTIME 1
| #define HAVE_VPRINTF 1
| #define HAVE_ALLOCA_H 1
| #define HAVE_ALLOCA 1
| #define HAVE_DIRENT_H 1
| #define STDC_HEADERS 1
| #define HAVE_MEMORY_H 1
| #define HAVE_UNISTD_H 1
| /* end confdefs.h.  */
| #include <stdio.h>
| #ifdef HAVE_SYS_TYPES_H
| # include <sys/types.h>
| #endif
| #ifdef HAVE_SYS_STAT_H
| # include <sys/stat.h>
| #endif
| #ifdef STDC_HEADERS
| # include <stdlib.h>
| # include <stddef.h>
| #else
| # ifdef HAVE_STDLIB_H
| #  include <stdlib.h>
| # endif
| #endif
| #ifdef HAVE_STRING_H
| # if !defined STDC_HEADERS && defined HAVE_MEMORY_H
| #  include <memory.h>
| # endif
| # include <string.h>
| #endif
| #ifdef HAVE_STRINGS_H
| # include <strings.h>
| #endif
| #ifdef HAVE_INTTYPES_H
| # include <inttypes.h>
| #endif
| #ifdef HAVE_STDINT_H
| # include <stdint.h>
| #endif
| #ifdef HAVE_UNISTD_H
| # include <unistd.h>
| #endif
| #include <ieeefp.h>
configure:16422: result: no
configure:16422: checking ieeefp.h presence
configure:16422: gcc -E  conftest.c
conftest.c:30:20: fatal error: ieeefp.h: No such file or directory
compilation terminated.
configure:16422: $? = 1
configure: failed program was:
| /* confdefs.h */
| #define PACKAGE_NAME ""
| #define PACKAGE_TARNAME ""
| #define PACKAGE_VERSION ""
| #define PACKAGE_STRING ""
| #define PACKAGE_BUGREPORT ""
| #define PACKAGE_URL ""
| #define STDC_HEADERS 1
| #define HAVE_SYS_TYPES_H 1
| #define HAVE_SYS_STAT_H 1
| #define HAVE_STDLIB_H 1
| #define HAVE_STRING_H 1
| #define HAVE_MEMORY_H 1
| #define HAVE_STRINGS_H 1
| #define HAVE_INTTYPES_H 1
| #define HAVE_STDINT_H 1
| #define HAVE_UNISTD_H 1
| #define HAVE_DLFCN_H 1
| #define LT_OBJDIR ".libs/"
| #define HAVE_DIRENT_H 1
| #define HAVE_STRFTIME 1
| #define HAVE_VPRINTF 1
| #define HAVE_ALLOCA_H 1
| #define HAVE_ALLOCA 1
| #define HAVE_DIRENT_H 1
| #define STDC_HEADERS 1
| #define HAVE_MEMORY_H 1
| #define HAVE_UNISTD_H 1
| /* end confdefs.h.  */
| #include <ieeefp.h>
configure:16422: result: no
configure:16422: checking for ieeefp.h
configure:16422: result: no
configure:16434: checking sys/file.h usability
configure:16434: gcc -c -g -O2  conftest.c >&5
configure:16434: $? = 0
configure:16434: result: yes
configure:16434: checking sys/file.h presence
configure:16434: gcc -E  conftest.c
configure:16434: $? = 0
configure:16434: result: yes
configure:16434: checking for sys/file.h
configure:16434: result: yes
configure:16446: checking sys/time.h usability
configure:16446: gcc -c -g -O2  conftest.c >&5
configure:16446: $? = 0
configure:16446: result: yes
configure:16446: checking sys/time.h presence
configure:16446: gcc -E  conftest.c
configure:16446: $? = 0
configure:16446: result: yes
configure:16446: checking for sys/time.h
configure:16446: result: yes
configure:16459: checking for strchr
configure:16459: gcc -o conftest -g -O2   conftest.c  >&5
conftest.c:55:6: warning: conflicting types for built-in function 'strchr' [enabled by default]
configure:16459: $? = 0
configure:16459: result: yes
configure:16459: checking for memcpy
configure:16459: gcc -o conftest -g -O2   conftest.c  >&5
conftest.c:56:6: warning: conflicting types for built-in function 'memcpy' [enabled by default]
configure:16459: $? = 0
configure:16459: result: yes
configure:16459: checking for gettimeofday
configure:16459: gcc -o conftest -g -O2   conftest.c  >&5
configure:16459: $? = 0
configure:16459: result: yes
configure:16468: checking whether stat file-mode macros are broken
configure:16495: gcc -c -g -O2  conftest.c >&5
configure:16495: $? = 0
configure:16502: result: no
configure:16510: checking whether struct tm is in sys/time.h or time.h
configure:16530: gcc -c -g -O2  conftest.c >&5
configure:16530: $? = 0
configure:16537: result: time.h
configure:16545: checking for size_t
configure:16545: result: yes
configure:16556: checking for an ANSI C-conforming const
configure:16621: gcc -c -g -O2  conftest.c >&5
configure:16621: $? = 0
configure:16628: result: yes
configure:16679: checking if requested to force inline functions
configure:16686: result: yes
configure:16693: checking if requested to enable assert macros
configure:16700: result: yes
configure:16704: checking if requested libstdc++ debug mode
configure:16711: result: no
configure:16722: checking if g++ supports -pedantic
configure:16740: gcc -c -g -O2  -pedantic conftest.c >&5
configure:16744: $? = 0
configure:16757: result: yes
configure:16766: checking if g++ supports -Wall
configure:16784: gcc -c -g -O2  -Wall conftest.c >&5
configure:16788: $? = 0
configure:16801: result: yes
configure:16810: checking if g++ supports -ansi
configure:16828: gcc -c -g -O2  -ansi conftest.c >&5
configure:16832: $? = 0
configure:16845: result: yes
configure:16854: checking if g++ supports -Wno-long-long
configure:16872: gcc -c -g -O2  -Wno-long-long conftest.c >&5
configure:16876: $? = 0
configure:16889: result: yes
configure:16901: checking if g++ supports -ffloat-store
configure:16919: gcc -c -g -O2  -ffloat-store conftest.c >&5
configure:16923: $? = 0
configure:16936: result: yes
configure:16956: checking for finite
configure:16972: gcc -o conftest -g -O2   conftest.c  -lm >&5
configure:16972: $? = 0
configure:16981: result: yes
configure:16989: checking for isfinite
configure:17005: gcc -o conftest -g -O2   conftest.c  -lm >&5
configure:17005: $? = 0
configure:17014: result: yes
configure:17029: checking for isnan
configure:17045: g++ -o conftest -g -O2   conftest.cpp  -lm >&5
configure:17045: $? = 0
configure:17054: result: yes
configure:17072: checking whether int64_t is 64 bits
configure:17129: gcc -o conftest -g -O2   conftest.c  >&5
conftest.c:38:1: error: unknown type name 'int64_t'
conftest.c: In function 'main':
conftest.c:62:3: warning: incompatible implicit declaration of built-in function 'exit' [enabled by default]
configure:17129: $? = 1
configure: program exited with status 1
configure: failed program was:
| /* confdefs.h */
| #define PACKAGE_NAME ""
| #define PACKAGE_TARNAME ""
| #define PACKAGE_VERSION ""
| #define PACKAGE_STRING ""
| #define PACKAGE_BUGREPORT ""
| #define PACKAGE_URL ""
| #define STDC_HEADERS 1
| #define HAVE_SYS_TYPES_H 1
| #define HAVE_SYS_STAT_H 1
| #define HAVE_STDLIB_H 1
| #define HAVE_STRING_H 1
| #define HAVE_MEMORY_H 1
| #define HAVE_STRINGS_H 1
| #define HAVE_INTTYPES_H 1
| #define HAVE_STDINT_H 1
| #define HAVE_UNISTD_H 1
| #define HAVE_DLFCN_H 1
| #define LT_OBJDIR ".libs/"
| #define HAVE_DIRENT_H 1
| #define HAVE_STRFTIME 1
| #define HAVE_VPRINTF 1
| #define HAVE_ALLOCA_H 1
| #define HAVE_ALLOCA 1
| #define HAVE_DIRENT_H 1
| #define STDC_HEADERS 1
| #define HAVE_MEMORY_H 1
| #define HAVE_UNISTD_H 1
| #define HAVE_SYS_FILE_H 1
| #define HAVE_SYS_TIME_H 1
| #define HAVE_STRCHR 1
| #define HAVE_MEMCPY 1
| #define HAVE_GETTIMEOFDAY 1
| #define HAVE_FINITE 1
| #define HAVE_ISFINITE 1
| #define HAVE_ISNAN 1
| /* end confdefs.h.  */
| typedef int64_t ac_int64;
| 
| /*
|  * These are globals to discourage the compiler from folding all the
|  * arithmetic tests down to compile-time constants.
|  */
| ac_int64 a = 20000001;
| ac_int64 b = 40000005;
| 
| int does_int64_work()
| {
|   ac_int64 c,d;
| 
|   if (sizeof(ac_int64) != 8)
|     return 0;			/* definitely not the right size */
| 
|   /* Do perfunctory checks to see if 64-bit arithmetic seems to work */
|   c = a * b;
|   d = (c + b) / b;
|   if (d != a+1)
|     return 0;
|   return 1;
| }
| main() {
|   exit(! does_int64_work());
| }
configure:17139: result: no
configure:17150: checking whether long int is 64 bits
configure:17207: gcc -o conftest -g -O2   conftest.c  >&5
conftest.c: In function 'main':
conftest.c:62:3: warning: incompatible implicit declaration of built-in function 'exit' [enabled by default]
configure:17207: $? = 0
configure:17207: ./conftest
configure:17207: $? = 1
configure: program exited with status 1
configure: failed program was:
| /* confdefs.h */
| #define PACKAGE_NAME ""
| #define PACKAGE_TARNAME ""
| #define PACKAGE_VERSION ""
| #define PACKAGE_STRING ""
| #define PACKAGE_BUGREPORT ""
| #define PACKAGE_URL ""
| #define STDC_HEADERS 1
| #define HAVE_SYS_TYPES_H 1
| #define HAVE_SYS_STAT_H 1
| #define HAVE_STDLIB_H 1
| #define HAVE_STRING_H 1
| #define HAVE_MEMORY_H 1
| #define HAVE_STRINGS_H 1
| #define HAVE_INTTYPES_H 1
| #define HAVE_STDINT_H 1
| #define HAVE_UNISTD_H 1
| #define HAVE_DLFCN_H 1
| #define LT_OBJDIR ".libs/"
| #define HAVE_DIRENT_H 1
| #define HAVE_STRFTIME 1
| #define HAVE_VPRINTF 1
| #define HAVE_ALLOCA_H 1
| #define HAVE_ALLOCA 1
| #define HAVE_DIRENT_H 1
| #define STDC_HEADERS 1
| #define HAVE_MEMORY_H 1
| #define HAVE_UNISTD_H 1
| #define HAVE_SYS_FILE_H 1
| #define HAVE_SYS_TIME_H 1
| #define HAVE_STRCHR 1
| #define HAVE_MEMCPY 1
| #define HAVE_GETTIMEOFDAY 1
| #define HAVE_FINITE 1
| #define HAVE_ISFINITE 1
| #define HAVE_ISNAN 1
| /* end confdefs.h.  */
| typedef long int ac_int64;
| 
| /*
|  * These are globals to discourage the compiler from folding all the
|  * arithmetic tests down to compile-time constants.
|  */
| ac_int64 a = 20000001;
| ac_int64 b = 40000005;
| 
| int does_int64_work()
| {
|   ac_int64 c,d;
| 
|   if (sizeof(ac_int64) != 8)
|     return 0;			/* definitely not the right size */
| 
|   /* Do perfunctory checks to see if 64-bit arithmetic seems to work */
|   c = a * b;
|   d = (c + b) / b;
|   if (d != a+1)
|     return 0;
|   return 1;
| }
| main() {
|   exit(! does_int64_work());
| }
configure:17217: result: no
configure:17228: checking whether long long int is 64 bits
configure:17285: gcc -o conftest -g -O2   conftest.c  >&5
conftest.c: In function 'main':
conftest.c:62:3: warning: incompatible implicit declaration of built-in function 'exit' [enabled by default]
configure:17285: $? = 0
configure:17285: ./conftest
configure:17285: $? = 0
configure:17295: result: yes
configure:17996: checking OS-specific settings
configure:18213: creating ./config.status

## ---------------------- ##
## Running config.status. ##
## ---------------------- ##

This file was extended by config.status, which was
generated by GNU Autoconf 2.68.  Invocation command line was

  CONFIG_FILES    = 
  CONFIG_HEADERS  = 
  CONFIG_LINKS    = 
  CONFIG_COMMANDS = 
  $ ./config.status 

on hamid-Satellite-C40-A

config.status:1335: creating Makefile
config.status:1335: creating capi/Makefile
config.status:1335: creating capi/geos_c.h
config.status:1335: creating doc/Doxyfile
config.status:1335: creating doc/Makefile
config.status:1335: creating macros/Makefile
config.status:1335: creating src/Makefile
config.status:1335: creating src/algorithm/Makefile
config.status:1335: creating src/algorithm/locate/Makefile
config.status:1335: creating src/algorithm/distance/Makefile
config.status:1335: creating src/geom/Makefile
config.status:1335: creating src/geom/prep/Makefile
config.status:1335: creating src/geom/util/Makefile
config.status:1335: creating src/geomgraph/Makefile
config.status:1335: creating src/geomgraph/index/Makefile
config.status:1335: creating include/Makefile
config.status:1335: creating include/geos/Makefile
config.status:1335: creating include/geos/algorithm/Makefile
config.status:1335: creating include/geos/algorithm/locate/Makefile
config.status:1335: creating include/geos/algorithm/distance/Makefile
config.status:1335: creating include/geos/geom/Makefile
config.status:1335: creating include/geos/geom/prep/Makefile
config.status:1335: creating include/geos/geom/util/Makefile
config.status:1335: creating include/geos/geomgraph/Makefile
config.status:1335: creating include/geos/geomgraph/index/Makefile
config.status:1335: creating include/geos/index/Makefile
config.status:1335: creating include/geos/index/bintree/Makefile
config.status:1335: creating include/geos/index/chain/Makefile
config.status:1335: creating include/geos/index/intervalrtree/Makefile
config.status:1335: creating include/geos/index/quadtree/Makefile
config.status:1335: creating include/geos/index/strtree/Makefile
config.status:1335: creating include/geos/index/sweepline/Makefile
config.status:1335: creating include/geos/io/Makefile
config.status:1335: creating include/geos/linearref/Makefile
config.status:1335: creating include/geos/noding/Makefile
config.status:1335: creating include/geos/noding/snapround/Makefile
config.status:1335: creating include/geos/operation/Makefile
config.status:1335: creating include/geos/operation/buffer/Makefile
config.status:1335: creating include/geos/operation/distance/Makefile
config.status:1335: creating include/geos/operation/linemerge/Makefile
config.status:1335: creating include/geos/operation/overlay/Makefile
config.status:1335: creating include/geos/operation/overlay/snap/Makefile
config.status:1335: creating include/geos/operation/polygonize/Makefile
config.status:1335: creating include/geos/operation/predicate/Makefile
config.status:1335: creating include/geos/operation/relate/Makefile
config.status:1335: creating include/geos/operation/sharedpaths/Makefile
config.status:1335: creating include/geos/operation/union/Makefile
config.status:1335: creating include/geos/operation/valid/Makefile
config.status:1335: creating include/geos/planargraph/Makefile
config.status:1335: creating include/geos/planargraph/algorithm/Makefile
config.status:1335: creating include/geos/precision/Makefile
config.status:1335: creating include/geos/simplify/Makefile
config.status:1335: creating include/geos/util/Makefile
config.status:1335: creating include/geos/version.h
config.status:1335: creating src/index/Makefile
config.status:1335: creating src/index/bintree/Makefile
config.status:1335: creating src/index/chain/Makefile
config.status:1335: creating src/index/intervalrtree/Makefile
config.status:1335: creating src/index/quadtree/Makefile
config.status:1335: creating src/index/strtree/Makefile
config.status:1335: creating src/index/sweepline/Makefile
config.status:1335: creating src/io/Makefile
config.status:1335: creating src/linearref/Makefile
config.status:1335: creating src/noding/Makefile
config.status:1335: creating src/noding/snapround/Makefile
config.status:1335: creating src/operation/Makefile
config.status:1335: creating src/operation/buffer/Makefile
config.status:1335: creating src/operation/distance/Makefile
config.status:1335: creating src/operation/linemerge/Makefile
config.status:1335: creating src/operation/overlay/Makefile
config.status:1335: creating src/operation/polygonize/Makefile
config.status:1335: creating src/operation/predicate/Makefile
config.status:1335: creating src/operation/relate/Makefile
config.status:1335: creating src/operation/sharedpaths/Makefile
config.status:1335: creating src/operation/union/Makefile
config.status:1335: creating src/operation/valid/Makefile
config.status:1335: creating src/planargraph/Makefile
config.status:1335: creating src/precision/Makefile
config.status:1335: creating src/simplify/Makefile
config.status:1335: creating src/util/Makefile
config.status:1335: creating swig/geos.i
config.status:1335: creating swig/Makefile
config.status:1335: creating swig/python/Makefile
config.status:1335: creating swig/python/tests/Makefile
config.status:1335: creating swig/ruby/Makefile
config.status:1335: creating swig/ruby/test/Makefile
config.status:1335: creating php/Makefile
config.status:1335: creating php/test/Makefile
config.status:1335: creating tests/Makefile
config.status:1335: creating tests/bigtest/Makefile
config.status:1335: creating tests/unit/Makefile
config.status:1335: creating tests/perf/Makefile
config.status:1335: creating tests/perf/operation/Makefile
config.status:1335: creating tests/perf/operation/buffer/Makefile
config.status:1335: creating tests/perf/operation/predicate/Makefile
config.status:1335: creating tests/perf/capi/Makefile
config.status:1335: creating tests/xmltester/Makefile
config.status:1335: creating tests/geostest/Makefile
config.status:1335: creating tests/thread/Makefile
config.status:1335: creating tools/Makefile
config.status:1335: creating tools/geos-config
config.status:1335: creating include/config.h
config.status:1335: creating include/geos/platform.h
config.status:1564: executing depfiles commands
config.status:1564: executing libtool commands

## ---------------- ##
## Cache variables. ##
## ---------------- ##

ac_cv_build=i686-pc-linux-gnu
ac_cv_c_compiler_gnu=yes
ac_cv_c_const=yes
ac_cv_cxx_compiler_gnu=yes
ac_cv_env_CCC_set=
ac_cv_env_CCC_value=
ac_cv_env_CC_set=
ac_cv_env_CC_value=
ac_cv_env_CFLAGS_set=
ac_cv_env_CFLAGS_value=
ac_cv_env_CPPFLAGS_set=
ac_cv_env_CPPFLAGS_value=
ac_cv_env_CPP_set=
ac_cv_env_CPP_value=
ac_cv_env_CXXCPP_set=
ac_cv_env_CXXCPP_value=
ac_cv_env_CXXFLAGS_set=
ac_cv_env_CXXFLAGS_value=
ac_cv_env_CXX_set=
ac_cv_env_CXX_value=
ac_cv_env_LDFLAGS_set=
ac_cv_env_LDFLAGS_value=
ac_cv_env_LIBS_set=
ac_cv_env_LIBS_value=
ac_cv_env_build_alias_set=
ac_cv_env_build_alias_value=
ac_cv_env_host_alias_set=
ac_cv_env_host_alias_value=
ac_cv_env_target_alias_set=
ac_cv_env_target_alias_value=
ac_cv_finite=yes
ac_cv_func__doprnt=no
ac_cv_func_alloca_works=yes
ac_cv_func_closedir_void=no
ac_cv_func_dlopen=no
ac_cv_func_gettimeofday=yes
ac_cv_func_memcmp_working=yes
ac_cv_func_memcpy=yes
ac_cv_func_shl_load=no
ac_cv_func_strchr=yes
ac_cv_func_strftime=yes
ac_cv_func_vprintf=yes
ac_cv_header_dirent_dirent_h=yes
ac_cv_header_dlfcn_h=yes
ac_cv_header_ieeefp_h=no
ac_cv_header_inttypes_h=yes
ac_cv_header_memory_h=yes
ac_cv_header_stat_broken=no
ac_cv_header_stdc=yes
ac_cv_header_stdint_h=yes
ac_cv_header_stdlib_h=yes
ac_cv_header_string_h=yes
ac_cv_header_strings_h=yes
ac_cv_header_sys_file_h=yes
ac_cv_header_sys_stat_h=yes
ac_cv_header_sys_time_h=yes
ac_cv_header_sys_types_h=yes
ac_cv_header_unistd_h=yes
ac_cv_host=i686-pc-linux-gnu
ac_cv_isfinite=yes
ac_cv_isnan=yes
ac_cv_lib_dl_dlopen=yes
ac_cv_lib_dld_shl_load=no
ac_cv_objext=o
ac_cv_path_EGREP='/bin/grep -E'
ac_cv_path_FGREP='/bin/grep -F'
ac_cv_path_GREP=/bin/grep
ac_cv_path_SED=/bin/sed
ac_cv_path_install='/usr/bin/install -c'
ac_cv_path_mkdir=/bin/mkdir
ac_cv_prog_AWK=mawk
ac_cv_prog_CPP='gcc -E'
ac_cv_prog_CXXCPP='g++ -E'
ac_cv_prog_ac_ct_AR=ar
ac_cv_prog_ac_ct_CC=gcc
ac_cv_prog_ac_ct_CXX=g++
ac_cv_prog_ac_ct_DLLTOOL=dlltool
ac_cv_prog_ac_ct_MANIFEST_TOOL=mt
ac_cv_prog_ac_ct_OBJDUMP=objdump
ac_cv_prog_ac_ct_RANLIB=ranlib
ac_cv_prog_ac_ct_STRIP=strip
ac_cv_prog_cc_c89=
ac_cv_prog_cc_g=yes
ac_cv_prog_cxx_g=yes
ac_cv_prog_make_make_set=yes
ac_cv_search_opendir='none required'
ac_cv_search_strerror='none required'
ac_cv_struct_tm=time.h
ac_cv_target=i686-pc-linux-gnu
ac_cv_type_size_t=yes
ac_cv_working_alloca_h=yes
am_cv_CC_dependencies_compiler_type=gcc3
am_cv_CXX_dependencies_compiler_type=gcc3
dummy_cv_ansi=yes
dummy_cv_ffloat_store=yes
dummy_cv_no_long_long=yes
dummy_cv_pedantic=yes
dummy_cv_wall=yes
lt_cv_ar_at_file=@
lt_cv_archive_cmds_need_lc=no
lt_cv_deplibs_check_method=pass_all
lt_cv_dlopen=dlopen
lt_cv_dlopen_libs=-ldl
lt_cv_dlopen_self=yes
lt_cv_dlopen_self_static=no
lt_cv_file_magic_cmd='$MAGIC_CMD'
lt_cv_file_magic_test_file=
lt_cv_ld_reload_flag=-r
lt_cv_nm_interface='BSD nm'
lt_cv_objdir=.libs
lt_cv_path_LD=/usr/bin/ld
lt_cv_path_LDCXX=/usr/bin/ld
lt_cv_path_NM='/usr/bin/nm -B'
lt_cv_path_mainfest_tool=no
lt_cv_prog_compiler_c_o=yes
lt_cv_prog_compiler_c_o_CXX=yes
lt_cv_prog_compiler_pic='-fPIC -DPIC'
lt_cv_prog_compiler_pic_CXX='-fPIC -DPIC'
lt_cv_prog_compiler_pic_works=yes
lt_cv_prog_compiler_pic_works_CXX=yes
lt_cv_prog_compiler_rtti_exceptions=no
lt_cv_prog_compiler_static_works=yes
lt_cv_prog_compiler_static_works_CXX=yes
lt_cv_prog_gnu_ld=yes
lt_cv_prog_gnu_ldcxx=yes
lt_cv_sharedlib_from_linklib_cmd='printf %s\n'
lt_cv_shlibpath_overrides_runpath=no
lt_cv_sys_global_symbol_pipe='sed -n -e '\''s/^.*[	 ]\([ABCDGIRSTW][ABCDGIRSTW]*\)[	 ][	 ]*\([_A-Za-z][_A-Za-z0-9]*\)$/\1 \2 \2/p'\'' | sed '\''/ __gnu_lto/d'\'''
lt_cv_sys_global_symbol_to_c_name_address='sed -n -e '\''s/^: \([^ ]*\)[ ]*$/  {\"\1\", (void *) 0},/p'\'' -e '\''s/^[ABCDGIRSTW]* \([^ ]*\) \([^ ]*\)$/  {"\2", (void *) \&\2},/p'\'''
lt_cv_sys_global_symbol_to_c_name_address_lib_prefix='sed -n -e '\''s/^: \([^ ]*\)[ ]*$/  {\"\1\", (void *) 0},/p'\'' -e '\''s/^[ABCDGIRSTW]* \([^ ]*\) \(lib[^ ]*\)$/  {"\2", (void *) \&\2},/p'\'' -e '\''s/^[ABCDGIRSTW]* \([^ ]*\) \([^ ]*\)$/  {"lib\2", (void *) \&\2},/p'\'''
lt_cv_sys_global_symbol_to_cdecl='sed -n -e '\''s/^T .* \(.*\)$/extern int \1();/p'\'' -e '\''s/^[ABCDGIRSTW]* .* \(.*\)$/extern char \1;/p'\'''
lt_cv_sys_max_cmd_len=1572864
lt_cv_to_host_file_cmd=func_convert_file_noop
lt_cv_to_tool_file_cmd=func_convert_file_noop
pgac_cv_type_int64_t_64=no
pgac_cv_type_long_int_64=no
pgac_cv_type_long_long_int_64=yes

## ----------------- ##
## Output variables. ##
## ----------------- ##

ACLOCAL='${SHELL} /bd_geonode/geos-3.3.8/missing --run aclocal-1.11'
ALLOCA=''
AMDEPBACKSLASH='\'
AMDEP_FALSE='#'
AMDEP_TRUE=''
AMTAR='$${TAR-tar}'
AM_CFLAGS='  -pedantic -Wall -ansi -Wno-long-long  -ffloat-store'
AM_CXXFLAGS=' -DGEOS_INLINE  -pedantic -Wall -ansi -Wno-long-long  -ffloat-store'
AR='ar'
AS='as'
AUTOCONF='${SHELL} /bd_geonode/geos-3.3.8/missing --run autoconf'
AUTOHEADER='${SHELL} /bd_geonode/geos-3.3.8/missing --run autoheader'
AUTOMAKE='${SHELL} /bd_geonode/geos-3.3.8/missing --run automake-1.11'
AWK='mawk'
CAPI_INTERFACE_AGE='7'
CAPI_INTERFACE_CURRENT='8'
CAPI_INTERFACE_REVISION='8'
CAPI_VERSION='1.7.8'
CAPI_VERSION_MAJOR='1'
CAPI_VERSION_MINOR='7'
CAPI_VERSION_PATCH='8'
CC='gcc'
CCDEPMODE='depmode=gcc3'
CFLAGS='-g -O2'
CPP='gcc -E'
CPPFLAGS=''
CXX='g++'
CXXCPP='g++ -E'
CXXDEPMODE='depmode=gcc3'
CXXFLAGS='-g -O2'
CYGPATH_W='echo'
DEFS='-DHAVE_CONFIG_H'
DEPDIR='.deps'
DLLTOOL='dlltool'
DSYMUTIL=''
DUMPBIN=''
ECHO_C=''
ECHO_N='-n'
ECHO_T=''
EGREP='/bin/grep -E'
ENABLE_PHP_FALSE=''
ENABLE_PHP_TRUE='#'
ENABLE_PYTHON_FALSE=''
ENABLE_PYTHON_TRUE='#'
ENABLE_RUBY_FALSE=''
ENABLE_RUBY_TRUE='#'
ENABLE_SWIG_FALSE=''
ENABLE_SWIG_TRUE='#'
EXEEXT=''
FGREP='/bin/grep -F'
GREP='/bin/grep'
HAVE_PHP_FALSE=''
HAVE_PHP_TRUE='#'
HAVE_PHP_UNIT_FALSE=''
HAVE_PHP_UNIT_TRUE='#'
INLINE_FLAGS='-DGEOS_INLINE'
INSTALL_DATA='${INSTALL} -m 644'
INSTALL_PROGRAM='${INSTALL}'
INSTALL_SCRIPT='${INSTALL}'
INSTALL_STRIP_PROGRAM='$(install_sh) -c -s'
INTERFACE_AGE=''
INTERFACE_CURRENT=''
INTERFACE_REVISION=''
JTS_PORT='1.12.0'
LD='/usr/bin/ld'
LDFLAGS=''
LIBOBJS=''
LIBS=''
LIBTOOL='$(SHELL) $(top_builddir)/libtool'
LIPO=''
LN_S='ln -s'
LTLIBOBJS=''
MAINT='#'
MAINTAINER_MODE_FALSE=''
MAINTAINER_MODE_TRUE='#'
MAKEINFO='${SHELL} /bd_geonode/geos-3.3.8/missing --run makeinfo'
MANIFEST_TOOL=':'
MKDIR_P='/bin/mkdir -p'
NM='/usr/bin/nm -B'
NMEDIT=''
OBJDUMP='objdump'
OBJEXT='o'
OTOOL64=''
OTOOL=''
PACKAGE='geos'
PACKAGE_BUGREPORT=''
PACKAGE_NAME=''
PACKAGE_STRING=''
PACKAGE_TARNAME=''
PACKAGE_URL=''
PACKAGE_VERSION=''
PATH_SEPARATOR=':'
PHP=''
PHPUNIT=''
PHP_CONFIG=''
PYTHON=''
PYTHON_CPPFLAGS=''
PYTHON_EXEC_PREFIX=''
PYTHON_EXTRA_LIBS=''
PYTHON_LDFLAGS=''
PYTHON_PLATFORM=''
PYTHON_PREFIX=''
PYTHON_SITE_PKG=''
PYTHON_VERSION=''
RANLIB='ranlib'
RUBY=''
RUBY_BIN_DIR=''
RUBY_EXTENSION_DIR=''
RUBY_INCLUDE_DIR=''
RUBY_LIB_DIR=''
RUBY_SHARED_LIB=''
RUBY_SO_NAME=''
RUBY_VERSION=''
SED='/bin/sed'
SET_MAKE=''
SHELL='/bin/bash'
STRIP='strip'
SWIG=''
SWIG_LIB=''
SWIG_PYTHON_CPPFLAGS=''
SWIG_PYTHON_OPT=''
VERSION='3.3.8'
VERSION_MAJOR='3'
VERSION_MINOR='3'
VERSION_PATCH='8'
ac_ct_AR='ar'
ac_ct_CC='gcc'
ac_ct_CXX='g++'
ac_ct_DUMPBIN=''
am__EXEEXT_FALSE=''
am__EXEEXT_TRUE='#'
am__fastdepCC_FALSE='#'
am__fastdepCC_TRUE=''
am__fastdepCXX_FALSE='#'
am__fastdepCXX_TRUE=''
am__include='include'
am__isrc=''
am__leading_dot='.'
am__nodep='_no'
am__quote=''
am__tar='$${TAR-tar} chof - "$$tardir"'
am__untar='$${TAR-tar} xf -'
bindir='${exec_prefix}/bin'
build='i686-pc-linux-gnu'
build_alias=''
build_cpu='i686'
build_os='linux-gnu'
build_vendor='pc'
datadir='${datarootdir}'
datarootdir='${prefix}/share'
docdir='${datarootdir}/doc/${PACKAGE}'
dvidir='${docdir}'
exec_prefix='${prefix}'
host='i686-pc-linux-gnu'
host_alias=''
host_cpu='i686'
host_os='linux-gnu'
host_vendor='pc'
htmldir='${docdir}'
includedir='${prefix}/include'
infodir='${datarootdir}/info'
install_sh='${SHELL} /bd_geonode/geos-3.3.8/install-sh'
libdir='${exec_prefix}/lib'
libexecdir='${exec_prefix}/libexec'
localedir='${datarootdir}/locale'
localstatedir='${prefix}/var'
mandir='${datarootdir}/man'
mkdir_p='/bin/mkdir -p'
oldincludedir='/usr/include'
pdfdir='${docdir}'
pkgpyexecdir=''
pkgpythondir=''
prefix='/usr/local'
program_transform_name='s,x,x,'
psdir='${docdir}'
pyexecdir=''
pythondir=''
sbindir='${exec_prefix}/sbin'
sharedstatedir='${prefix}/com'
sysconfdir='${prefix}/etc'
target='i686-pc-linux-gnu'
target_alias=''
target_cpu='i686'
target_os='linux-gnu'
target_vendor='pc'

## ----------- ##
## confdefs.h. ##
## ----------- ##

/* confdefs.h */
#define PACKAGE_NAME ""
#define PACKAGE_TARNAME ""
#define PACKAGE_VERSION ""
#define PACKAGE_STRING ""
#define PACKAGE_BUGREPORT ""
#define PACKAGE_URL ""
#define STDC_HEADERS 1
#define HAVE_SYS_TYPES_H 1
#define HAVE_SYS_STAT_H 1
#define HAVE_STDLIB_H 1
#define HAVE_STRING_H 1
#define HAVE_MEMORY_H 1
#define HAVE_STRINGS_H 1
#define HAVE_INTTYPES_H 1
#define HAVE_STDINT_H 1
#define HAVE_UNISTD_H 1
#define HAVE_DLFCN_H 1
#define LT_OBJDIR ".libs/"
#define HAVE_DIRENT_H 1
#define HAVE_STRFTIME 1
#define HAVE_VPRINTF 1
#define HAVE_ALLOCA_H 1
#define HAVE_ALLOCA 1
#define HAVE_DIRENT_H 1
#define STDC_HEADERS 1
#define HAVE_MEMORY_H 1
#define HAVE_UNISTD_H 1
#define HAVE_SYS_FILE_H 1
#define HAVE_SYS_TIME_H 1
#define HAVE_STRCHR 1
#define HAVE_MEMCPY 1
#define HAVE_GETTIMEOFDAY 1
#define HAVE_FINITE 1
#define HAVE_ISFINITE 1
#define HAVE_ISNAN 1
#define HAVE_LONG_LONG_INT_64 1

configure: exit 0
