This file contains any messages produced by compilers while
running configure, to aid debugging if configure makes a mistake.

It was created by configure, which was
generated by GNU Autoconf 2.68.  Invocation command line was

  $ ./configure 

## --------- ##
## Platform. ##
## --------- ##

hostname = hamid-Satellite-C40-A
uname -m = i686
uname -r = 3.11.0-15-generic
uname -s = Linux
uname -v = #25~precise1-Ubuntu SMP Thu Jan 30 17:42:40 UTC 2014

/usr/bin/uname -p = unknown
/bin/uname -X     = unknown

/bin/arch              = unknown
/usr/bin/arch -k       = unknown
/usr/convex/getsysinfo = unknown
/usr/bin/hostinfo      = unknown
/bin/machine           = unknown
/usr/bin/oslevel       = unknown
/bin/universe          = unknown

PATH: /usr/lib/lightdm/lightdm
PATH: /usr/local/sbin
PATH: /usr/local/bin
PATH: /usr/sbin
PATH: /usr/bin
PATH: /sbin
PATH: /bin
PATH: /usr/games


## ----------- ##
## Core tests. ##
## ----------- ##

configure:2489: checking build system type
configure:2503: result: i686-pc-linux-gnu
configure:2523: checking host system type
configure:2536: result: i686-pc-linux-gnu
configure:2577: checking how to print strings
configure:2604: result: printf
configure:2673: checking for gcc
configure:2689: found /usr/bin/gcc
configure:2700: result: gcc
configure:2929: checking for C compiler version
configure:2938: gcc --version >&5
gcc (Ubuntu/Linaro 4.6.3-1ubuntu5) 4.6.3
Copyright (C) 2011 Free Software Foundation, Inc.
This is free software; see the source for copying conditions.  There is NO
warranty; not even for MERCHANTABILITY or FITNESS FOR A PARTICULAR PURPOSE.

configure:2949: $? = 0
configure:2938: gcc -v >&5
Using built-in specs.
COLLECT_GCC=gcc
COLLECT_LTO_WRAPPER=/usr/lib/gcc/i686-linux-gnu/4.6/lto-wrapper
Target: i686-linux-gnu
Configured with: ../src/configure -v --with-pkgversion='Ubuntu/Linaro 4.6.3-1ubuntu5' --with-bugurl=file:///usr/share/doc/gcc-4.6/README.Bugs --enable-languages=c,c++,fortran,objc,obj-c++ --prefix=/usr --program-suffix=-4.6 --enable-shared --enable-linker-build-id --with-system-zlib --libexecdir=/usr/lib --without-included-gettext --enable-threads=posix --with-gxx-include-dir=/usr/include/c++/4.6 --libdir=/usr/lib --enable-nls --with-sysroot=/ --enable-clocale=gnu --enable-libstdcxx-debug --enable-libstdcxx-time=yes --enable-gnu-unique-object --enable-plugin --enable-objc-gc --enable-targets=all --disable-werror --with-arch-32=i686 --with-tune=generic --enable-checking=release --build=i686-linux-gnu --host=i686-linux-gnu --target=i686-linux-gnu
Thread model: posix
gcc version 4.6.3 (Ubuntu/Linaro 4.6.3-1ubuntu5) 
configure:2949: $? = 0
configure:2938: gcc -V >&5
gcc: error: unrecognized option '-V'
gcc: fatal error: no input files
compilation terminated.
configure:2949: $? = 4
configure:2938: gcc -qversion >&5
gcc: error: unrecognized option '-qversion'
gcc: fatal error: no input files
compilation terminated.
configure:2949: $? = 4
configure:2969: checking whether the C compiler works
configure:2991: gcc    conftest.c  >&5
configure:2995: $? = 0
configure:3043: result: yes
configure:3046: checking for C compiler default output file name
configure:3048: result: a.out
configure:3054: checking for suffix of executables
configure:3061: gcc -o conftest    conftest.c  >&5
configure:3065: $? = 0
configure:3087: result: 
configure:3109: checking whether we are cross compiling
configure:3117: gcc -o conftest    conftest.c  >&5
configure:3121: $? = 0
configure:3128: ./conftest
configure:3132: $? = 0
configure:3147: result: no
configure:3152: checking for suffix of object files
configure:3174: gcc -c   conftest.c >&5
configure:3178: $? = 0
configure:3199: result: o
configure:3203: checking whether we are using the GNU C compiler
configure:3222: gcc -c   conftest.c >&5
configure:3222: $? = 0
configure:3231: result: yes
configure:3240: checking whether gcc accepts -g
configure:3260: gcc -c -g  conftest.c >&5
configure:3260: $? = 0
configure:3301: result: yes
configure:3318: checking for gcc option to accept ISO C89
configure:3382: gcc  -c -g -O2  conftest.c >&5
configure:3382: $? = 0
configure:3395: result: none needed
configure:3415: checking for a sed that does not truncate output
configure:3479: result: /bin/sed
configure:3497: checking for grep that handles long lines and -e
configure:3555: result: /bin/grep
configure:3560: checking for egrep
configure:3622: result: /bin/grep -E
configure:3627: checking for fgrep
configure:3689: result: /bin/grep -F
configure:3724: checking for ld used by gcc
configure:3791: result: /usr/bin/ld
configure:3798: checking if the linker (/usr/bin/ld) is GNU ld
configure:3813: result: yes
configure:3825: checking for BSD- or MS-compatible name lister (nm)
configure:3874: result: /usr/bin/nm -B
configure:4004: checking the name lister (/usr/bin/nm -B) interface
configure:4011: gcc -c -g -O2  conftest.c >&5
configure:4014: /usr/bin/nm -B "conftest.o"
configure:4017: output
00000000 B some_variable
configure:4024: result: BSD nm
configure:4027: checking whether ln -s works
configure:4031: result: yes
configure:4039: checking the maximum length of command line arguments
configure:4169: result: 1572864
configure:4186: checking whether the shell understands some XSI constructs
configure:4196: result: yes
configure:4200: checking whether the shell understands "+="
configure:4206: result: yes
configure:4241: checking how to convert i686-pc-linux-gnu file names to i686-pc-linux-gnu format
configure:4281: result: func_convert_file_noop
configure:4288: checking how to convert i686-pc-linux-gnu file names to toolchain format
configure:4308: result: func_convert_file_noop
configure:4315: checking for /usr/bin/ld option to reload object files
configure:4322: result: -r
configure:4396: checking for objdump
configure:4412: found /usr/bin/objdump
configure:4423: result: objdump
configure:4455: checking how to recognize dependent libraries
configure:4657: result: pass_all
configure:4742: checking for dlltool
configure:4772: result: no
configure:4802: checking how to associate runtime and link libraries
configure:4829: result: printf %s\n
configure:4890: checking for ar
configure:4906: found /usr/bin/ar
configure:4917: result: ar
configure:4954: checking for archiver @FILE support
configure:4971: gcc -c -g -O2  conftest.c >&5
configure:4971: $? = 0
configure:4974: ar cru libconftest.a @conftest.lst >&5
configure:4977: $? = 0
configure:4982: ar cru libconftest.a @conftest.lst >&5
ar: conftest.o: No such file or directory
configure:4985: $? = 1
configure:4997: result: @
configure:5055: checking for strip
configure:5071: found /usr/bin/strip
configure:5082: result: strip
configure:5154: checking for ranlib
configure:5170: found /usr/bin/ranlib
configure:5181: result: ranlib
configure:5258: checking for gawk
configure:5288: result: no
configure:5258: checking for mawk
configure:5274: found /usr/bin/mawk
configure:5285: result: mawk
configure:5325: checking command to parse /usr/bin/nm -B output from gcc object
configure:5445: gcc -c -g -O2  conftest.c >&5
configure:5448: $? = 0
configure:5452: /usr/bin/nm -B conftest.o \| sed -n -e 's/^.*[ ]\([ABCDGIRSTW][ABCDGIRSTW]*\)[ ][ ]*\([_A-Za-z][_A-Za-z0-9]*\)$/\1 \2 \2/p' | sed '/ __gnu_lto/d' \> conftest.nm
configure:5455: $? = 0
configure:5521: gcc -o conftest -g -O2   conftest.c conftstm.o >&5
configure:5524: $? = 0
configure:5562: result: ok
configure:5599: checking for sysroot
configure:5629: result: no
configure:5885: checking for mt
configure:5901: found /bin/mt
configure:5912: result: mt
configure:5935: checking if mt is a manifest tool
configure:5941: mt '-?'
configure:5949: result: no
configure:6591: checking how to run the C preprocessor
configure:6622: gcc -E  conftest.c
configure:6622: $? = 0
configure:6636: gcc -E  conftest.c
conftest.c:9:28: fatal error: ac_nonexistent.h: No such file or directory
compilation terminated.
configure:6636: $? = 1
configure: failed program was:
| /* confdefs.h */
| #define PACKAGE_NAME ""
| #define PACKAGE_TARNAME ""
| #define PACKAGE_VERSION ""
| #define PACKAGE_STRING ""
| #define PACKAGE_BUGREPORT ""
| #define PACKAGE_URL ""
| /* end confdefs.h.  */
| #include <ac_nonexistent.h>
configure:6661: result: gcc -E
configure:6681: gcc -E  conftest.c
configure:6681: $? = 0
configure:6695: gcc -E  conftest.c
conftest.c:9:28: fatal error: ac_nonexistent.h: No such file or directory
compilation terminated.
configure:6695: $? = 1
configure: failed program was:
| /* confdefs.h */
| #define PACKAGE_NAME ""
| #define PACKAGE_TARNAME ""
| #define PACKAGE_VERSION ""
| #define PACKAGE_STRING ""
| #define PACKAGE_BUGREPORT ""
| #define PACKAGE_URL ""
| /* end confdefs.h.  */
| #include <ac_nonexistent.h>
configure:6724: checking for ANSI C header files
configure:6744: gcc -c -g -O2  conftest.c >&5
configure:6744: $? = 0
configure:6817: gcc -o conftest -g -O2   conftest.c  >&5
configure:6817: $? = 0
configure:6817: ./conftest
configure:6817: $? = 0
configure:6828: result: yes
configure:6841: checking for sys/types.h
configure:6841: gcc -c -g -O2  conftest.c >&5
configure:6841: $? = 0
configure:6841: result: yes
configure:6841: checking for sys/stat.h
configure:6841: gcc -c -g -O2  conftest.c >&5
configure:6841: $? = 0
configure:6841: result: yes
configure:6841: checking for stdlib.h
configure:6841: gcc -c -g -O2  conftest.c >&5
configure:6841: $? = 0
configure:6841: result: yes
configure:6841: checking for string.h
configure:6841: gcc -c -g -O2  conftest.c >&5
configure:6841: $? = 0
configure:6841: result: yes
configure:6841: checking for memory.h
configure:6841: gcc -c -g -O2  conftest.c >&5
configure:6841: $? = 0
configure:6841: result: yes
configure:6841: checking for strings.h
configure:6841: gcc -c -g -O2  conftest.c >&5
configure:6841: $? = 0
configure:6841: result: yes
configure:6841: checking for inttypes.h
configure:6841: gcc -c -g -O2  conftest.c >&5
configure:6841: $? = 0
configure:6841: result: yes
configure:6841: checking for stdint.h
configure:6841: gcc -c -g -O2  conftest.c >&5
configure:6841: $? = 0
configure:6841: result: yes
configure:6841: checking for unistd.h
configure:6841: gcc -c -g -O2  conftest.c >&5
configure:6841: $? = 0
configure:6841: result: yes
configure:6855: checking for dlfcn.h
configure:6855: gcc -c -g -O2  conftest.c >&5
configure:6855: $? = 0
configure:6855: result: yes
configure:7061: checking for objdir
configure:7076: result: .libs
configure:7347: checking if gcc supports -fno-rtti -fno-exceptions
configure:7365: gcc -c -g -O2  -fno-rtti -fno-exceptions conftest.c >&5
cc1: warning: command line option '-fno-rtti' is valid for C++/ObjC++ but not for C [enabled by default]
configure:7369: $? = 0
configure:7382: result: no
configure:7709: checking for gcc option to produce PIC
configure:7716: result: -fPIC -DPIC
configure:7724: checking if gcc PIC flag -fPIC -DPIC works
configure:7742: gcc -c -g -O2  -fPIC -DPIC -DPIC conftest.c >&5
configure:7746: $? = 0
configure:7759: result: yes
configure:7788: checking if gcc static flag -static works
configure:7816: result: yes
configure:7831: checking if gcc supports -c -o file.o
configure:7852: gcc -c -g -O2  -o out/conftest2.o conftest.c >&5
configure:7856: $? = 0
configure:7878: result: yes
configure:7886: checking if gcc supports -c -o file.o
configure:7933: result: yes
configure:7966: checking whether the gcc linker (/usr/bin/ld) supports shared libraries
configure:9123: result: yes
configure:9160: checking whether -lc should be explicitly linked in
configure:9168: gcc -c -g -O2  conftest.c >&5
configure:9171: $? = 0
configure:9186: gcc -shared  -fPIC -DPIC conftest.o  -v -Wl,-soname -Wl,conftest -o conftest 2\>\&1 \| /bin/grep  -lc  \>/dev/null 2\>\&1
configure:9189: $? = 0
configure:9203: result: no
configure:9363: checking dynamic linker characteristics
configure:9874: gcc -o conftest -g -O2   -Wl,-rpath -Wl,/foo conftest.c  >&5
configure:9874: $? = 0
configure:10108: result: GNU/Linux ld.so
configure:10215: checking how to hardcode library paths into programs
configure:10240: result: immediate
configure:10780: checking whether stripping libraries is possible
configure:10785: result: yes
configure:10820: checking if libtool supports shared libraries
configure:10822: result: yes
configure:10825: checking whether to build shared libraries
configure:10846: result: yes
configure:10849: checking whether to build static libraries
configure:10853: result: yes
configure:10939: checking for gcc
configure:10966: result: gcc
configure:11195: checking for C compiler version
configure:11204: gcc --version >&5
gcc (Ubuntu/Linaro 4.6.3-1ubuntu5) 4.6.3
Copyright (C) 2011 Free Software Foundation, Inc.
This is free software; see the source for copying conditions.  There is NO
warranty; not even for MERCHANTABILITY or FITNESS FOR A PARTICULAR PURPOSE.

configure:11215: $? = 0
configure:11204: gcc -v >&5
Using built-in specs.
COLLECT_GCC=gcc
COLLECT_LTO_WRAPPER=/usr/lib/gcc/i686-linux-gnu/4.6/lto-wrapper
Target: i686-linux-gnu
Configured with: ../src/configure -v --with-pkgversion='Ubuntu/Linaro 4.6.3-1ubuntu5' --with-bugurl=file:///usr/share/doc/gcc-4.6/README.Bugs --enable-languages=c,c++,fortran,objc,obj-c++ --prefix=/usr --program-suffix=-4.6 --enable-shared --enable-linker-build-id --with-system-zlib --libexecdir=/usr/lib --without-included-gettext --enable-threads=posix --with-gxx-include-dir=/usr/include/c++/4.6 --libdir=/usr/lib --enable-nls --with-sysroot=/ --enable-clocale=gnu --enable-libstdcxx-debug --enable-libstdcxx-time=yes --enable-gnu-unique-object --enable-plugin --enable-objc-gc --enable-targets=all --disable-werror --with-arch-32=i686 --with-tune=generic --enable-checking=release --build=i686-linux-gnu --host=i686-linux-gnu --target=i686-linux-gnu
Thread model: posix
gcc version 4.6.3 (Ubuntu/Linaro 4.6.3-1ubuntu5) 
configure:11215: $? = 0
configure:11204: gcc -V >&5
gcc: error: unrecognized option '-V'
gcc: fatal error: no input files
compilation terminated.
configure:11215: $? = 4
configure:11204: gcc -qversion >&5
gcc: error: unrecognized option '-qversion'
gcc: fatal error: no input files
compilation terminated.
configure:11215: $? = 4
configure:11219: checking whether we are using the GNU C compiler
configure:11247: result: yes
configure:11256: checking whether gcc accepts -g
configure:11317: result: yes
configure:11334: checking for gcc option to accept ISO C89
configure:11411: result: none needed
configure:11436: checking how to run the C preprocessor
configure:11506: result: gcc -E
configure:11526: gcc -E  conftest.c
configure:11526: $? = 0
configure:11540: gcc -E  conftest.c
conftest.c:21:28: fatal error: ac_nonexistent.h: No such file or directory
compilation terminated.
configure:11540: $? = 1
configure: failed program was:
| /* confdefs.h */
| #define PACKAGE_NAME ""
| #define PACKAGE_TARNAME ""
| #define PACKAGE_VERSION ""
| #define PACKAGE_STRING ""
| #define PACKAGE_BUGREPORT ""
| #define PACKAGE_URL ""
| #define STDC_HEADERS 1
| #define HAVE_SYS_TYPES_H 1
| #define HAVE_SYS_STAT_H 1
| #define HAVE_STDLIB_H 1
| #define HAVE_STRING_H 1
| #define HAVE_MEMORY_H 1
| #define HAVE_STRINGS_H 1
| #define HAVE_INTTYPES_H 1
| #define HAVE_STDINT_H 1
| #define HAVE_UNISTD_H 1
| #define HAVE_DLFCN_H 1
| #define LT_OBJDIR ".libs/"
| /* end confdefs.h.  */
| #include <ac_nonexistent.h>
configure:11626: checking for g++
configure:11642: found /usr/bin/g++
configure:11653: result: g++
configure:11680: checking for C++ compiler version
configure:11689: g++ --version >&5
g++ (Ubuntu/Linaro 4.6.3-1ubuntu5) 4.6.3
Copyright (C) 2011 Free Software Foundation, Inc.
This is free software; see the source for copying conditions.  There is NO
warranty; not even for MERCHANTABILITY or FITNESS FOR A PARTICULAR PURPOSE.

configure:11700: $? = 0
configure:11689: g++ -v >&5
Using built-in specs.
COLLECT_GCC=g++
COLLECT_LTO_WRAPPER=/usr/lib/gcc/i686-linux-gnu/4.6/lto-wrapper
Target: i686-linux-gnu
Configured with: ../src/configure -v --with-pkgversion='Ubuntu/Linaro 4.6.3-1ubuntu5' --with-bugurl=file:///usr/share/doc/gcc-4.6/README.Bugs --enable-languages=c,c++,fortran,objc,obj-c++ --prefix=/usr --program-suffix=-4.6 --enable-shared --enable-linker-build-id --with-system-zlib --libexecdir=/usr/lib --without-included-gettext --enable-threads=posix --with-gxx-include-dir=/usr/include/c++/4.6 --libdir=/usr/lib --enable-nls --with-sysroot=/ --enable-clocale=gnu --enable-libstdcxx-debug --enable-libstdcxx-time=yes --enable-gnu-unique-object --enable-plugin --enable-objc-gc --enable-targets=all --disable-werror --with-arch-32=i686 --with-tune=generic --enable-checking=release --build=i686-linux-gnu --host=i686-linux-gnu --target=i686-linux-gnu
Thread model: posix
gcc version 4.6.3 (Ubuntu/Linaro 4.6.3-1ubuntu5) 
configure:11700: $? = 0
configure:11689: g++ -V >&5
g++: error: unrecognized option '-V'
g++: fatal error: no input files
compilation terminated.
configure:11700: $? = 4
configure:11689: g++ -qversion >&5
g++: error: unrecognized option '-qversion'
g++: fatal error: no input files
compilation terminated.
configure:11700: $? = 4
configure:11704: checking whether we are using the GNU C++ compiler
configure:11723: g++ -c   conftest.cpp >&5
configure:11723: $? = 0
configure:11732: result: yes
configure:11741: checking whether g++ accepts -g
configure:11761: g++ -c -g  conftest.cpp >&5
configure:11761: $? = 0
configure:11802: result: yes
configure:11843: checking how to run the C++ preprocessor
configure:11870: g++ -E  conftest.cpp
configure:11870: $? = 0
configure:11884: g++ -E  conftest.cpp
conftest.cpp:21:28: fatal error: ac_nonexistent.h: No such file or directory
compilation terminated.
configure:11884: $? = 1
configure: failed program was:
| /* confdefs.h */
| #define PACKAGE_NAME ""
| #define PACKAGE_TARNAME ""
| #define PACKAGE_VERSION ""
| #define PACKAGE_STRING ""
| #define PACKAGE_BUGREPORT ""
| #define PACKAGE_URL ""
| #define STDC_HEADERS 1
| #define HAVE_SYS_TYPES_H 1
| #define HAVE_SYS_STAT_H 1
| #define HAVE_STDLIB_H 1
| #define HAVE_STRING_H 1
| #define HAVE_MEMORY_H 1
| #define HAVE_STRINGS_H 1
| #define HAVE_INTTYPES_H 1
| #define HAVE_STDINT_H 1
| #define HAVE_UNISTD_H 1
| #define HAVE_DLFCN_H 1
| #define LT_OBJDIR ".libs/"
| /* end confdefs.h.  */
| #include <ac_nonexistent.h>
configure:11909: result: g++ -E
configure:11929: g++ -E  conftest.cpp
configure:11929: $? = 0
configure:11943: g++ -E  conftest.cpp
conftest.cpp:21:28: fatal error: ac_nonexistent.h: No such file or directory
compilation terminated.
configure:11943: $? = 1
configure: failed program was:
| /* confdefs.h */
| #define PACKAGE_NAME ""
| #define PACKAGE_TARNAME ""
| #define PACKAGE_VERSION ""
| #define PACKAGE_STRING ""
| #define PACKAGE_BUGREPORT ""
| #define PACKAGE_URL ""
| #define STDC_HEADERS 1
| #define HAVE_SYS_TYPES_H 1
| #define HAVE_SYS_STAT_H 1
| #define HAVE_STDLIB_H 1
| #define HAVE_STRING_H 1
| #define HAVE_MEMORY_H 1
| #define HAVE_STRINGS_H 1
| #define HAVE_INTTYPES_H 1
| #define HAVE_STDINT_H 1
| #define HAVE_UNISTD_H 1
| #define HAVE_DLFCN_H 1
| #define LT_OBJDIR ".libs/"
| /* end confdefs.h.  */
| #include <ac_nonexistent.h>
configure:12112: checking for ld used by g++
configure:12179: result: /usr/bin/ld
configure:12186: checking if the linker (/usr/bin/ld) is GNU ld
configure:12201: result: yes
configure:12256: checking whether the g++ linker (/usr/bin/ld) supports shared libraries
configure:13261: result: yes
configure:13297: g++ -c -g -O2  conftest.cpp >&5
configure:13300: $? = 0
configure:13820: checking for g++ option to produce PIC
configure:13827: result: -fPIC -DPIC
configure:13835: checking if g++ PIC flag -fPIC -DPIC works
configure:13853: g++ -c -g -O2  -fPIC -DPIC -DPIC conftest.cpp >&5
configure:13857: $? = 0
configure:13870: result: yes
configure:13893: checking if g++ static flag -static works
configure:13921: result: yes
configure:13933: checking if g++ supports -c -o file.o
configure:13954: g++ -c -g -O2  -o out/conftest2.o conftest.cpp >&5
configure:13958: $? = 0
configure:13980: result: yes
configure:13985: checking if g++ supports -c -o file.o
configure:14032: result: yes
configure:14062: checking whether the g++ linker (/usr/bin/ld) supports shared libraries
configure:14101: result: yes
configure:14242: checking dynamic linker characteristics
configure:14921: result: GNU/Linux ld.so
configure:14974: checking how to hardcode library paths into programs
configure:14999: result: immediate
configure:15041: checking for ant
configure:15074: result: no
configure:15083: checking for cpp
configure:15101: found /usr/bin/cpp
configure:15113: result: /usr/bin/cpp
configure:15175: checking if g++ supports -Wall
configure:15193: gcc -c -g -O2  -Wall conftest.c >&5
configure:15197: $? = 0
configure:15210: result: yes
configure:15219: checking if g++ supports -Wmissing-prototypes
configure:15237: gcc -c -g -O2  -Wmissing-prototypes conftest.c >&5
configure:15241: $? = 0
configure:15254: result: yes
configure:15266: checking if g++ supports -ffloat-store
configure:15284: gcc -c -g -O2  -ffloat-store conftest.c >&5
configure:15288: $? = 0
configure:15301: result: yes
configure:15344: checking for flex
configure:15374: result: no
configure:15344: checking for lex
configure:15374: result: no
configure:15502: checking for bison
configure:15532: result: no
configure:15502: checking for byacc
configure:15532: result: no
configure:15544: checking ieeefp.h usability
configure:15544: gcc -c -g -O2  conftest.c >&5
conftest.c:57:20: fatal error: ieeefp.h: No such file or directory
compilation terminated.
configure:15544: $? = 1
configure: failed program was:
| /* confdefs.h */
| #define PACKAGE_NAME ""
| #define PACKAGE_TARNAME ""
| #define PACKAGE_VERSION ""
| #define PACKAGE_STRING ""
| #define PACKAGE_BUGREPORT ""
| #define PACKAGE_URL ""
| #define STDC_HEADERS 1
| #define HAVE_SYS_TYPES_H 1
| #define HAVE_SYS_STAT_H 1
| #define HAVE_STDLIB_H 1
| #define HAVE_STRING_H 1
| #define HAVE_MEMORY_H 1
| #define HAVE_STRINGS_H 1
| #define HAVE_INTTYPES_H 1
| #define HAVE_STDINT_H 1
| #define HAVE_UNISTD_H 1
| #define HAVE_DLFCN_H 1
| #define LT_OBJDIR ".libs/"
| #define POSTGIS_MAJOR_VERSION "2"
| #define POSTGIS_MINOR_VERSION "0"
| #define POSTGIS_MICRO_VERSION "3"
| /* end confdefs.h.  */
| #include <stdio.h>
| #ifdef HAVE_SYS_TYPES_H
| # include <sys/types.h>
| #endif
| #ifdef HAVE_SYS_STAT_H
| # include <sys/stat.h>
| #endif
| #ifdef STDC_HEADERS
| # include <stdlib.h>
| # include <stddef.h>
| #else
| # ifdef HAVE_STDLIB_H
| #  include <stdlib.h>
| # endif
| #endif
| #ifdef HAVE_STRING_H
| # if !defined STDC_HEADERS && defined HAVE_MEMORY_H
| #  include <memory.h>
| # endif
| # include <string.h>
| #endif
| #ifdef HAVE_STRINGS_H
| # include <strings.h>
| #endif
| #ifdef HAVE_INTTYPES_H
| # include <inttypes.h>
| #endif
| #ifdef HAVE_STDINT_H
| # include <stdint.h>
| #endif
| #ifdef HAVE_UNISTD_H
| # include <unistd.h>
| #endif
| #include <ieeefp.h>
configure:15544: result: no
configure:15544: checking ieeefp.h presence
configure:15544: gcc -E  conftest.c
conftest.c:24:20: fatal error: ieeefp.h: No such file or directory
compilation terminated.
configure:15544: $? = 1
configure: failed program was:
| /* confdefs.h */
| #define PACKAGE_NAME ""
| #define PACKAGE_TARNAME ""
| #define PACKAGE_VERSION ""
| #define PACKAGE_STRING ""
| #define PACKAGE_BUGREPORT ""
| #define PACKAGE_URL ""
| #define STDC_HEADERS 1
| #define HAVE_SYS_TYPES_H 1
| #define HAVE_SYS_STAT_H 1
| #define HAVE_STDLIB_H 1
| #define HAVE_STRING_H 1
| #define HAVE_MEMORY_H 1
| #define HAVE_STRINGS_H 1
| #define HAVE_INTTYPES_H 1
| #define HAVE_STDINT_H 1
| #define HAVE_UNISTD_H 1
| #define HAVE_DLFCN_H 1
| #define LT_OBJDIR ".libs/"
| #define POSTGIS_MAJOR_VERSION "2"
| #define POSTGIS_MINOR_VERSION "0"
| #define POSTGIS_MICRO_VERSION "3"
| /* end confdefs.h.  */
| #include <ieeefp.h>
configure:15544: result: no
configure:15544: checking for ieeefp.h
configure:15544: result: no
configure:15557: checking termios.h usability
configure:15557: gcc -c -g -O2  conftest.c >&5
configure:15557: $? = 0
configure:15557: result: yes
configure:15557: checking termios.h presence
configure:15557: gcc -E  conftest.c
configure:15557: $? = 0
configure:15557: result: yes
configure:15557: checking for termios.h
configure:15557: result: yes
configure:15572: checking for vasprintf
configure:15572: gcc -o conftest -g -O2   conftest.c  >&5
configure:15572: $? = 0
configure:15572: result: yes
configure:15581: checking for asprintf
configure:15581: gcc -o conftest -g -O2   conftest.c  >&5
configure:15581: $? = 0
configure:15581: result: yes
configure:15590: checking for _LARGEFILE_SOURCE value needed for large files
configure:15609: gcc -o conftest -g -O2   conftest.c  >&5
configure:15609: $? = 0
configure:15637: result: no
configure:15671: checking for perl
configure:15689: found /usr/bin/perl
configure:15701: result: /usr/bin/perl
configure:15717: checking for convert
configure:15735: found /usr/bin/convert
configure:15747: result: /usr/bin/convert
configure:15762: checking for xsltproc
configure:15780: found /usr/bin/xsltproc
configure:15792: result: /usr/bin/xsltproc
configure:15807: checking for xmllint
configure:15840: result: no
configure:15846: WARNING: xmllint is not installed so documentation cannot be checked
configure:15852: checking for dblatex
configure:15885: result: no
configure:15891: WARNING: dblatex is not installed so PDF documentation cannot be built
configure:15961: checking CUnit/CUnit.h usability
configure:15961: gcc -c -g -O2  conftest.c >&5
conftest.c:62:25: fatal error: CUnit/CUnit.h: No such file or directory
compilation terminated.
configure:15961: $? = 1
configure: failed program was:
| /* confdefs.h */
| #define PACKAGE_NAME ""
| #define PACKAGE_TARNAME ""
| #define PACKAGE_VERSION ""
| #define PACKAGE_STRING ""
| #define PACKAGE_BUGREPORT ""
| #define PACKAGE_URL ""
| #define STDC_HEADERS 1
| #define HAVE_SYS_TYPES_H 1
| #define HAVE_SYS_STAT_H 1
| #define HAVE_STDLIB_H 1
| #define HAVE_STRING_H 1
| #define HAVE_MEMORY_H 1
| #define HAVE_STRINGS_H 1
| #define HAVE_INTTYPES_H 1
| #define HAVE_STDINT_H 1
| #define HAVE_UNISTD_H 1
| #define HAVE_DLFCN_H 1
| #define LT_OBJDIR ".libs/"
| #define POSTGIS_MAJOR_VERSION "2"
| #define POSTGIS_MINOR_VERSION "0"
| #define POSTGIS_MICRO_VERSION "3"
| #define HAVE_IEEEFP_H 0
| #define HAVE_TERMIOS_H 1
| #define HAVE_VASPRINTF 1
| #define HAVE_ASPRINTF 1
| #define HAVE_FSEEKO 1
| /* end confdefs.h.  */
| #include <stdio.h>
| #ifdef HAVE_SYS_TYPES_H
| # include <sys/types.h>
| #endif
| #ifdef HAVE_SYS_STAT_H
| # include <sys/stat.h>
| #endif
| #ifdef STDC_HEADERS
| # include <stdlib.h>
| # include <stddef.h>
| #else
| # ifdef HAVE_STDLIB_H
| #  include <stdlib.h>
| # endif
| #endif
| #ifdef HAVE_STRING_H
| # if !defined STDC_HEADERS && defined HAVE_MEMORY_H
| #  include <memory.h>
| # endif
| # include <string.h>
| #endif
| #ifdef HAVE_STRINGS_H
| # include <strings.h>
| #endif
| #ifdef HAVE_INTTYPES_H
| # include <inttypes.h>
| #endif
| #ifdef HAVE_STDINT_H
| # include <stdint.h>
| #endif
| #ifdef HAVE_UNISTD_H
| # include <unistd.h>
| #endif
| #include <CUnit/CUnit.h>
configure:15961: result: no
configure:15961: checking CUnit/CUnit.h presence
configure:15961: gcc -E  conftest.c
conftest.c:29:25: fatal error: CUnit/CUnit.h: No such file or directory
compilation terminated.
configure:15961: $? = 1
configure: failed program was:
| /* confdefs.h */
| #define PACKAGE_NAME ""
| #define PACKAGE_TARNAME ""
| #define PACKAGE_VERSION ""
| #define PACKAGE_STRING ""
| #define PACKAGE_BUGREPORT ""
| #define PACKAGE_URL ""
| #define STDC_HEADERS 1
| #define HAVE_SYS_TYPES_H 1
| #define HAVE_SYS_STAT_H 1
| #define HAVE_STDLIB_H 1
| #define HAVE_STRING_H 1
| #define HAVE_MEMORY_H 1
| #define HAVE_STRINGS_H 1
| #define HAVE_INTTYPES_H 1
| #define HAVE_STDINT_H 1
| #define HAVE_UNISTD_H 1
| #define HAVE_DLFCN_H 1
| #define LT_OBJDIR ".libs/"
| #define POSTGIS_MAJOR_VERSION "2"
| #define POSTGIS_MINOR_VERSION "0"
| #define POSTGIS_MICRO_VERSION "3"
| #define HAVE_IEEEFP_H 0
| #define HAVE_TERMIOS_H 1
| #define HAVE_VASPRINTF 1
| #define HAVE_ASPRINTF 1
| #define HAVE_FSEEKO 1
| /* end confdefs.h.  */
| #include <CUnit/CUnit.h>
configure:15961: result: no
configure:15961: checking for CUnit/CUnit.h
configure:15961: result: no
configure:16011: WARNING: could not locate CUnit required for unit tests
configure:16048: checking iconv.h usability
configure:16048: gcc -c -g -O2  conftest.c >&5
configure:16048: $? = 0
configure:16048: result: yes
configure:16048: checking iconv.h presence
configure:16048: gcc -E  conftest.c
configure:16048: $? = 0
configure:16048: result: yes
configure:16048: checking for iconv.h
configure:16048: result: yes
configure:16056: checking for libiconv_open in -liconv
configure:16081: gcc -o conftest -g -O2   conftest.c -liconv   >&5
/usr/bin/ld: cannot find -liconv
collect2: ld returned 1 exit status
configure:16081: $? = 1
configure: failed program was:
| /* confdefs.h */
| #define PACKAGE_NAME ""
| #define PACKAGE_TARNAME ""
| #define PACKAGE_VERSION ""
| #define PACKAGE_STRING ""
| #define PACKAGE_BUGREPORT ""
| #define PACKAGE_URL ""
| #define STDC_HEADERS 1
| #define HAVE_SYS_TYPES_H 1
| #define HAVE_SYS_STAT_H 1
| #define HAVE_STDLIB_H 1
| #define HAVE_STRING_H 1
| #define HAVE_MEMORY_H 1
| #define HAVE_STRINGS_H 1
| #define HAVE_INTTYPES_H 1
| #define HAVE_STDINT_H 1
| #define HAVE_UNISTD_H 1
| #define HAVE_DLFCN_H 1
| #define LT_OBJDIR ".libs/"
| #define POSTGIS_MAJOR_VERSION "2"
| #define POSTGIS_MINOR_VERSION "0"
| #define POSTGIS_MICRO_VERSION "3"
| #define HAVE_IEEEFP_H 0
| #define HAVE_TERMIOS_H 1
| #define HAVE_VASPRINTF 1
| #define HAVE_ASPRINTF 1
| #define HAVE_FSEEKO 1
| /* end confdefs.h.  */
| 
| /* Override any GCC internal prototype to avoid an error.
|    Use char because int might match the return type of a GCC
|    builtin and then its argument prototype would still apply.  */
| #ifdef __cplusplus
| extern "C"
| #endif
| char libiconv_open ();
| int
| main ()
| {
| return libiconv_open ();
|   ;
|   return 0;
| }
configure:16090: result: no
configure:16097: checking for iconv_open in -lc
configure:16122: gcc -o conftest -g -O2   conftest.c -lc   >&5
configure:16122: $? = 0
configure:16131: result: yes
configure:16190: checking for iconvctl
configure:16190: gcc -o conftest -g -O2   conftest.c  >&5
/tmp/cc62nxlR.o: In function `main':
/bd_geonode/postgis-2.0.3/conftest.c:63: undefined reference to `iconvctl'
collect2: ld returned 1 exit status
configure:16190: $? = 1
configure: failed program was:
| /* confdefs.h */
| #define PACKAGE_NAME ""
| #define PACKAGE_TARNAME ""
| #define PACKAGE_VERSION ""
| #define PACKAGE_STRING ""
| #define PACKAGE_BUGREPORT ""
| #define PACKAGE_URL ""
| #define STDC_HEADERS 1
| #define HAVE_SYS_TYPES_H 1
| #define HAVE_SYS_STAT_H 1
| #define HAVE_STDLIB_H 1
| #define HAVE_STRING_H 1
| #define HAVE_MEMORY_H 1
| #define HAVE_STRINGS_H 1
| #define HAVE_INTTYPES_H 1
| #define HAVE_STDINT_H 1
| #define HAVE_UNISTD_H 1
| #define HAVE_DLFCN_H 1
| #define LT_OBJDIR ".libs/"
| #define POSTGIS_MAJOR_VERSION "2"
| #define POSTGIS_MINOR_VERSION "0"
| #define POSTGIS_MICRO_VERSION "3"
| #define HAVE_IEEEFP_H 0
| #define HAVE_TERMIOS_H 1
| #define HAVE_VASPRINTF 1
| #define HAVE_ASPRINTF 1
| #define HAVE_FSEEKO 1
| /* end confdefs.h.  */
| /* Define iconvctl to an innocuous variant, in case <limits.h> declares iconvctl.
|    For example, HP-UX 11i <limits.h> declares gettimeofday.  */
| #define iconvctl innocuous_iconvctl
| 
| /* System header to define __stub macros and hopefully few prototypes,
|     which can conflict with char iconvctl (); below.
|     Prefer <limits.h> to <assert.h> if __STDC__ is defined, since
|     <limits.h> exists even on freestanding compilers.  */
| 
| #ifdef __STDC__
| # include <limits.h>
| #else
| # include <assert.h>
| #endif
| 
| #undef iconvctl
| 
| /* Override any GCC internal prototype to avoid an error.
|    Use char because int might match the return type of a GCC
|    builtin and then its argument prototype would still apply.  */
| #ifdef __cplusplus
| extern "C"
| #endif
| char iconvctl ();
| /* The GNU C library defines this for functions which it implements
|     to always fail with ENOSYS.  Some functions are actually named
|     something starting with __ and the normal name is an alias.  */
| #if defined __stub_iconvctl || defined __stub___iconvctl
| choke me
| #endif
| 
| int
| main ()
| {
| return iconvctl ();
|   ;
|   return 0;
| }
configure:16190: result: no
configure:16190: checking for libiconvctl
configure:16190: gcc -o conftest -g -O2   conftest.c  >&5
/tmp/ccO9IWmW.o: In function `main':
/bd_geonode/postgis-2.0.3/conftest.c:63: undefined reference to `libiconvctl'
collect2: ld returned 1 exit status
configure:16190: $? = 1
configure: failed program was:
| /* confdefs.h */
| #define PACKAGE_NAME ""
| #define PACKAGE_TARNAME ""
| #define PACKAGE_VERSION ""
| #define PACKAGE_STRING ""
| #define PACKAGE_BUGREPORT ""
| #define PACKAGE_URL ""
| #define STDC_HEADERS 1
| #define HAVE_SYS_TYPES_H 1
| #define HAVE_SYS_STAT_H 1
| #define HAVE_STDLIB_H 1
| #define HAVE_STRING_H 1
| #define HAVE_MEMORY_H 1
| #define HAVE_STRINGS_H 1
| #define HAVE_INTTYPES_H 1
| #define HAVE_STDINT_H 1
| #define HAVE_UNISTD_H 1
| #define HAVE_DLFCN_H 1
| #define LT_OBJDIR ".libs/"
| #define POSTGIS_MAJOR_VERSION "2"
| #define POSTGIS_MINOR_VERSION "0"
| #define POSTGIS_MICRO_VERSION "3"
| #define HAVE_IEEEFP_H 0
| #define HAVE_TERMIOS_H 1
| #define HAVE_VASPRINTF 1
| #define HAVE_ASPRINTF 1
| #define HAVE_FSEEKO 1
| /* end confdefs.h.  */
| /* Define libiconvctl to an innocuous variant, in case <limits.h> declares libiconvctl.
|    For example, HP-UX 11i <limits.h> declares gettimeofday.  */
| #define libiconvctl innocuous_libiconvctl
| 
| /* System header to define __stub macros and hopefully few prototypes,
|     which can conflict with char libiconvctl (); below.
|     Prefer <limits.h> to <assert.h> if __STDC__ is defined, since
|     <limits.h> exists even on freestanding compilers.  */
| 
| #ifdef __STDC__
| # include <limits.h>
| #else
| # include <assert.h>
| #endif
| 
| #undef libiconvctl
| 
| /* Override any GCC internal prototype to avoid an error.
|    Use char because int might match the return type of a GCC
|    builtin and then its argument prototype would still apply.  */
| #ifdef __cplusplus
| extern "C"
| #endif
| char libiconvctl ();
| /* The GNU C library defines this for functions which it implements
|     to always fail with ENOSYS.  Some functions are actually named
|     something starting with __ and the normal name is an alias.  */
| #if defined __stub_libiconvctl || defined __stub___libiconvctl
| choke me
| #endif
| 
| int
| main ()
| {
| return libiconvctl ();
|   ;
|   return 0;
| }
configure:16190: result: no
configure:16228: checking for pg_config
configure:16246: found /usr/bin/pg_config
configure:16258: result: /usr/bin/pg_config
configure:16302: result: checking PostgreSQL version... PostgreSQL 9.2.9
configure:16361: checking libpq-fe.h usability
configure:16361: gcc -c -g -O2 -I/usr/include/postgresql conftest.c >&5
configure:16361: $? = 0
configure:16361: result: yes
configure:16361: checking libpq-fe.h presence
configure:16361: gcc -E -I/usr/include/postgresql conftest.c
configure:16361: $? = 0
configure:16361: result: yes
configure:16361: checking for libpq-fe.h
configure:16361: result: yes
configure:16373: checking for PQserverVersion in -lpq
configure:16398: gcc -o conftest -g -O2   conftest.c -lpq  -L/usr/lib -lpq >&5
configure:16398: $? = 0
configure:16407: result: yes
configure:16463: checking for xml2-config
configure:16481: found /usr/bin/xml2-config
configure:16493: result: /usr/bin/xml2-config
configure:16529: checking libxml/tree.h usability
configure:16529: gcc -c -g -O2 -I/usr/include/libxml2 conftest.c >&5
configure:16529: $? = 0
configure:16529: result: yes
configure:16529: checking libxml/tree.h presence
configure:16529: gcc -E -I/usr/include/libxml2 conftest.c
configure:16529: $? = 0
configure:16529: result: yes
configure:16529: checking for libxml/tree.h
configure:16529: result: yes
configure:16529: checking libxml/parser.h usability
configure:16529: gcc -c -g -O2 -I/usr/include/libxml2 conftest.c >&5
configure:16529: $? = 0
configure:16529: result: yes
configure:16529: checking libxml/parser.h presence
configure:16529: gcc -E -I/usr/include/libxml2 conftest.c
configure:16529: $? = 0
configure:16529: result: yes
configure:16529: checking for libxml/parser.h
configure:16529: result: yes
configure:16529: checking libxml/xpath.h usability
configure:16529: gcc -c -g -O2 -I/usr/include/libxml2 conftest.c >&5
configure:16529: $? = 0
configure:16529: result: yes
configure:16529: checking libxml/xpath.h presence
configure:16529: gcc -E -I/usr/include/libxml2 conftest.c
configure:16529: $? = 0
configure:16529: result: yes
configure:16529: checking for libxml/xpath.h
configure:16529: result: yes
configure:16529: checking libxml/xpathInternals.h usability
configure:16529: gcc -c -g -O2 -I/usr/include/libxml2 conftest.c >&5
configure:16529: $? = 0
configure:16529: result: yes
configure:16529: checking libxml/xpathInternals.h presence
configure:16529: gcc -E -I/usr/include/libxml2 conftest.c
configure:16529: $? = 0
configure:16529: result: yes
configure:16529: checking for libxml/xpathInternals.h
configure:16529: result: yes
configure:16545: checking for xmlInitParser in -lxml2
configure:16570: gcc -o conftest -g -O2   conftest.c -lxml2  -L/usr/lib/i386-linux-gnu -lxml2 >&5
configure:16570: $? = 0
configure:16579: result: yes
configure:16616: checking for geos-config
configure:16634: found /usr/local/bin/geos-config
configure:16646: result: /usr/local/bin/geos-config
configure:16681: result: checking GEOS version... 3.3.8
configure:16694: checking geos_c.h usability
configure:16694: gcc -c -g -O2 -I/usr/local/include conftest.c >&5
configure:16694: $? = 0
configure:16694: result: yes
configure:16694: checking geos_c.h presence
configure:16694: gcc -E -I/usr/local/include conftest.c
configure:16694: $? = 0
configure:16694: result: yes
configure:16694: checking for geos_c.h
configure:16694: result: yes
configure:16706: checking for initGEOS in -lgeos_c
configure:16731: gcc -o conftest -g -O2   conftest.c -lgeos_c  -L/usr/local/lib >&5
configure:16731: $? = 0
configure:16740: result: yes
configure:16789: checking whether make sets $(MAKE)
configure:16811: result: yes
configure:16834: checking for a BSD-compatible install
configure:16902: result: /usr/bin/install -c
configure:16913: checking for a thread-safe mkdir -p
configure:16952: result: /bin/mkdir -p
configure:16962: checking whether NLS is requested
configure:16971: result: yes
configure:17012: checking for msgfmt
configure: trying /usr/bin/msgfmt...
0 translated messages.
configure:17044: result: /usr/bin/msgfmt
configure:17053: checking for gmsgfmt
configure:17084: result: /usr/bin/msgfmt
configure:17135: checking for xgettext
configure: trying /usr/bin/xgettext...
/usr/bin/xgettext: warning: file `/dev/null' extension `' is unknown; will try C
configure:17167: result: /usr/bin/xgettext
configure:17213: checking for msgmerge
configure: trying /usr/bin/msgmerge...
configure:17244: result: /usr/bin/msgmerge
configure:17301: checking for ld used by GCC
configure:17365: result: /usr/bin/ld
configure:17372: checking if the linker (/usr/bin/ld) is GNU ld
configure:17385: result: yes
configure:17392: checking for shared library run path origin
configure:17405: result: done
configure:17906: checking for CFPreferencesCopyAppValue
configure:17924: gcc -o conftest -g -O2   conftest.c  -Wl,-framework -Wl,CoreFoundation >&5
conftest.c:41:42: fatal error: CoreFoundation/CFPreferences.h: No such file or directory
compilation terminated.
configure:17924: $? = 1
configure: failed program was:
| /* confdefs.h */
| #define PACKAGE_NAME ""
| #define PACKAGE_TARNAME ""
| #define PACKAGE_VERSION ""
| #define PACKAGE_STRING ""
| #define PACKAGE_BUGREPORT ""
| #define PACKAGE_URL ""
| #define STDC_HEADERS 1
| #define HAVE_SYS_TYPES_H 1
| #define HAVE_SYS_STAT_H 1
| #define HAVE_STDLIB_H 1
| #define HAVE_STRING_H 1
| #define HAVE_MEMORY_H 1
| #define HAVE_STRINGS_H 1
| #define HAVE_INTTYPES_H 1
| #define HAVE_STDINT_H 1
| #define HAVE_UNISTD_H 1
| #define HAVE_DLFCN_H 1
| #define LT_OBJDIR ".libs/"
| #define POSTGIS_MAJOR_VERSION "2"
| #define POSTGIS_MINOR_VERSION "0"
| #define POSTGIS_MICRO_VERSION "3"
| #define HAVE_IEEEFP_H 0
| #define HAVE_TERMIOS_H 1
| #define HAVE_VASPRINTF 1
| #define HAVE_ASPRINTF 1
| #define HAVE_FSEEKO 1
| #define HAVE_ICONV 1
| #define PGSQL_LOCALEDIR "/usr/share/locale"
| #define HAVE_LIBPQ 1
| #define POSTGIS_PGSQL_VERSION 92
| #define HAVE_LIBXML_TREE_H 1
| #define HAVE_LIBXML_PARSER_H 1
| #define HAVE_LIBXML_XPATH_H 1
| #define HAVE_LIBXML_XPATHINTERNALS_H 1
| #define HAVE_LIBXML2 1
| #define POSTGIS_LIBXML2_VERSION "2.7.8"
| #define HAVE_LIBGEOS_C 1
| #define POSTGIS_GEOS_VERSION 33
| /* end confdefs.h.  */
| #include <CoreFoundation/CFPreferences.h>
| int
| main ()
| {
| CFPreferencesCopyAppValue(NULL, NULL)
|   ;
|   return 0;
| }
configure:17933: result: no
configure:17940: checking for CFLocaleCopyCurrent
configure:17958: gcc -o conftest -g -O2   conftest.c  -Wl,-framework -Wl,CoreFoundation >&5
conftest.c:41:37: fatal error: CoreFoundation/CFLocale.h: No such file or directory
compilation terminated.
configure:17958: $? = 1
configure: failed program was:
| /* confdefs.h */
| #define PACKAGE_NAME ""
| #define PACKAGE_TARNAME ""
| #define PACKAGE_VERSION ""
| #define PACKAGE_STRING ""
| #define PACKAGE_BUGREPORT ""
| #define PACKAGE_URL ""
| #define STDC_HEADERS 1
| #define HAVE_SYS_TYPES_H 1
| #define HAVE_SYS_STAT_H 1
| #define HAVE_STDLIB_H 1
| #define HAVE_STRING_H 1
| #define HAVE_MEMORY_H 1
| #define HAVE_STRINGS_H 1
| #define HAVE_INTTYPES_H 1
| #define HAVE_STDINT_H 1
| #define HAVE_UNISTD_H 1
| #define HAVE_DLFCN_H 1
| #define LT_OBJDIR ".libs/"
| #define POSTGIS_MAJOR_VERSION "2"
| #define POSTGIS_MINOR_VERSION "0"
| #define POSTGIS_MICRO_VERSION "3"
| #define HAVE_IEEEFP_H 0
| #define HAVE_TERMIOS_H 1
| #define HAVE_VASPRINTF 1
| #define HAVE_ASPRINTF 1
| #define HAVE_FSEEKO 1
| #define HAVE_ICONV 1
| #define PGSQL_LOCALEDIR "/usr/share/locale"
| #define HAVE_LIBPQ 1
| #define POSTGIS_PGSQL_VERSION 92
| #define HAVE_LIBXML_TREE_H 1
| #define HAVE_LIBXML_PARSER_H 1
| #define HAVE_LIBXML_XPATH_H 1
| #define HAVE_LIBXML_XPATHINTERNALS_H 1
| #define HAVE_LIBXML2 1
| #define POSTGIS_LIBXML2_VERSION "2.7.8"
| #define HAVE_LIBGEOS_C 1
| #define POSTGIS_GEOS_VERSION 33
| /* end confdefs.h.  */
| #include <CoreFoundation/CFLocale.h>
| int
| main ()
| {
| CFLocaleCopyCurrent();
|   ;
|   return 0;
| }
configure:17967: result: no
configure:18016: checking for GNU gettext in libc
configure:18036: gcc -o conftest -g -O2   conftest.c  >&5
configure:18036: $? = 0
configure:18045: result: yes
configure:18790: checking whether to use NLS
configure:18792: result: yes
configure:18795: checking where the gettext function comes from
configure:18806: result: libc
configure:18904: checking proj_api.h usability
configure:18904: gcc -c -g -O2  conftest.c >&5
configure:18904: $? = 0
configure:18904: result: yes
configure:18904: checking proj_api.h presence
configure:18904: gcc -E  conftest.c
configure:18904: $? = 0
configure:18904: result: yes
configure:18904: checking for proj_api.h
configure:18904: result: yes
configure:18942: gcc -o conftest -g -O2   conftest.c  >&5
configure:18942: $? = 0
configure:18942: ./conftest
configure:18942: $? = 0
configure:18974: checking for pj_get_release in -lproj
configure:18999: gcc -o conftest -g -O2   conftest.c -lproj   >&5
configure:18999: $? = 0
configure:19008: result: yes
configure:19059: checking json/json.h usability
configure:19059: gcc -c -g -O2  conftest.c >&5
configure:19059: $? = 0
configure:19059: result: yes
configure:19059: checking json/json.h presence
configure:19059: gcc -E  conftest.c
configure:19059: $? = 0
configure:19059: result: yes
configure:19059: checking for json/json.h
configure:19059: result: yes
configure:19069: checking for json_object_get in -ljson
configure:19094: gcc -o conftest -g -O2   conftest.c -ljson   >&5
configure:19094: $? = 0
configure:19103: result: yes
configure:19544: result: TOPOLOGY: Topology support requested
configure:19572: result: RASTER: Raster support requested
configure:19661: checking for gdal-config
configure:19679: found /usr/bin/gdal-config
configure:19691: result: /usr/bin/gdal-config
configure:19703: checking for GDAL >= 1.6.0
configure:19720: result: found
configure:19743: checking gdal.h usability
configure:19743: gcc -c  -I/usr/include/gdal conftest.c >&5
configure:19743: $? = 0
configure:19743: result: yes
configure:19743: checking gdal.h presence
configure:19743: gcc -E -I/usr/include/gdal conftest.c
configure:19743: $? = 0
configure:19743: result: yes
configure:19743: checking for gdal.h
configure:19743: result: yes
configure:19743: checking ogr_api.h usability
configure:19743: gcc -c  -I/usr/include/gdal conftest.c >&5
configure:19743: $? = 0
configure:19743: result: yes
configure:19743: checking ogr_api.h presence
configure:19743: gcc -E -I/usr/include/gdal conftest.c
configure:19743: $? = 0
configure:19743: result: yes
configure:19743: checking for ogr_api.h
configure:19743: result: yes
configure:19743: checking cpl_conv.h usability
configure:19743: gcc -c  -I/usr/include/gdal conftest.c >&5
configure:19743: $? = 0
configure:19743: result: yes
configure:19743: checking cpl_conv.h presence
configure:19743: gcc -E -I/usr/include/gdal conftest.c
configure:19743: $? = 0
configure:19743: result: yes
configure:19743: checking for cpl_conv.h
configure:19743: result: yes
configure:19756: checking for library containing GDALAllRegister
configure:19787: gcc -o conftest  -I/usr/include/gdal  conftest.c -L/usr/lib -lgdal >&5
configure:19787: $? = 0
configure:19804: result: none required
configure:19817: checking for library containing GDALFPolygonize
configure:19848: gcc -o conftest  -I/usr/include/gdal  conftest.c -L/usr/lib -lgdal >&5
configure:19848: $? = 0
configure:19865: result: none required
configure:19929: result: enabling PostgreSQL extension support...
configure:20055: creating ./config.status

## ---------------------- ##
## Running config.status. ##
## ---------------------- ##

This file was extended by config.status, which was
generated by GNU Autoconf 2.68.  Invocation command line was

  CONFIG_FILES    = 
  CONFIG_HEADERS  = 
  CONFIG_LINKS    = 
  CONFIG_COMMANDS = 
  $ ./config.status 

on hamid-Satellite-C40-A

config.status:1299: creating GNUmakefile
config.status:1299: creating extensions/Makefile
config.status:1299: creating extensions/postgis/Makefile
config.status:1299: creating extensions/postgis/postgis.control
config.status:1299: creating extensions/postgis_topology/Makefile
config.status:1299: creating extensions/postgis_topology/postgis_topology.control
config.status:1299: creating liblwgeom/Makefile
config.status:1299: creating liblwgeom/cunit/Makefile
config.status:1299: creating liblwgeom/liblwgeom.h
config.status:1299: creating libpgcommon/Makefile
config.status:1299: creating libpgcommon/cunit/Makefile
config.status:1299: creating postgis/Makefile
config.status:1299: creating postgis/sqldefines.h
config.status:1299: creating loader/Makefile
config.status:1299: creating loader/cunit/Makefile
config.status:1299: creating topology/Makefile
config.status:1299: creating regress/Makefile
config.status:1299: creating doc/Makefile
config.status:1299: creating doc/Makefile.comments
config.status:1299: creating doc/html/image_src/Makefile
config.status:1299: creating utils/Makefile
config.status:1299: creating java/jdbc/Makefile
config.status:1299: creating raster/Makefile
config.status:1299: creating raster/rt_core/Makefile
config.status:1299: creating raster/rt_pg/Makefile
config.status:1299: creating raster/loader/Makefile
config.status:1299: creating raster/test/Makefile
config.status:1299: creating raster/test/core/Makefile
config.status:1299: creating raster/test/regress/Makefile
config.status:1299: creating raster/scripts/Makefile
config.status:1299: creating raster/scripts/python/Makefile
config.status:1299: creating postgis_config.h
config.status:1299: creating raster/raster_config.h
config.status:1494: executing libtool commands
config.status:1494: executing po-directories commands
configure:22573: result: 
configure:22575: result:   PostGIS is now configured for i686-pc-linux-gnu
configure:22577: result: 
configure:22579: result:  -------------- Compiler Info ------------- 
configure:22581: result:   C compiler:           gcc -g -O2
configure:22583: result:   C++ compiler:         g++ -g -O2
configure:22585: result:   SQL preprocessor:     /usr/bin/cpp -traditional-cpp -P
configure:22587: result: 
configure:22589: result:  -------------- Dependencies -------------- 
configure:22591: result:   GEOS config:          /usr/local/bin/geos-config
configure:22593: result:   GEOS version:         3.3.8
configure:22596: result:   GDAL config:          /usr/bin/gdal-config
configure:22598: result:   GDAL version:         1.9.0
configure:22601: result:   PostgreSQL config:    /usr/bin/pg_config
configure:22603: result:   PostgreSQL version:   PostgreSQL 9.2.9
configure:22605: result:   PROJ4 version:        47
configure:22607: result:   Libxml2 config:       /usr/bin/xml2-config
configure:22609: result:   Libxml2 version:      2.7.8
configure:22611: result:   JSON-C support:       yes
configure:22613: result:   PostGIS debug level:  0
configure:22615: result:   Perl:                 /usr/bin/perl
configure:22617: result: 
configure:22619: result:  --------------- Extensions --------------- 
configure:22622: result:   PostGIS Raster:       enabled
configure:22630: result:   PostGIS Topology:     enabled
configure:22636: result: 
configure:22638: result:  -------- Documentation Generation -------- 
configure:22640: result:   xsltproc:             /usr/bin/xsltproc
configure:22642: result:   xsl style sheets:     /usr/share/xml/docbook/stylesheet/nwalsh
configure:22644: result:   dblatex:              
configure:22646: result:   convert:              /usr/bin/convert
configure:22648: result:   mathml2.dtd:          /usr/share/xml/schema/w3c/mathml/dtd/mathml2.dtd
configure:22650: result: 

## ---------------- ##
## Cache variables. ##
## ---------------- ##

_cv_misprot=yes
_cv_wall=yes
ac_cv_build=i686-pc-linux-gnu
ac_cv_c_compiler_gnu=yes
ac_cv_cxx_compiler_gnu=yes
ac_cv_env_CCC_set=
ac_cv_env_CCC_value=
ac_cv_env_CC_set=
ac_cv_env_CC_value=
ac_cv_env_CFLAGS_set=
ac_cv_env_CFLAGS_value=
ac_cv_env_CPPFLAGS_set=
ac_cv_env_CPPFLAGS_value=
ac_cv_env_CPP_set=
ac_cv_env_CPP_value=
ac_cv_env_CXXCPP_set=
ac_cv_env_CXXCPP_value=
ac_cv_env_CXXFLAGS_set=
ac_cv_env_CXXFLAGS_value=
ac_cv_env_CXX_set=
ac_cv_env_CXX_value=
ac_cv_env_LDFLAGS_set=
ac_cv_env_LDFLAGS_value=
ac_cv_env_LIBS_set=
ac_cv_env_LIBS_value=
ac_cv_env_YACC_set=
ac_cv_env_YACC_value=
ac_cv_env_YFLAGS_set=
ac_cv_env_YFLAGS_value=
ac_cv_env_build_alias_set=
ac_cv_env_build_alias_value=
ac_cv_env_host_alias_set=
ac_cv_env_host_alias_value=
ac_cv_env_target_alias_set=
ac_cv_env_target_alias_value=
ac_cv_func_asprintf=yes
ac_cv_func_iconvctl=no
ac_cv_func_libiconvctl=no
ac_cv_func_vasprintf=yes
ac_cv_header_CUnit_CUnit_h=no
ac_cv_header_cpl_conv_h=yes
ac_cv_header_dlfcn_h=yes
ac_cv_header_gdal_h=yes
ac_cv_header_geos_c_h=yes
ac_cv_header_iconv_h=yes
ac_cv_header_ieeefp_h=no
ac_cv_header_inttypes_h=yes
ac_cv_header_json_json_h=yes
ac_cv_header_libpq_fe_h=yes
ac_cv_header_libxml_parser_h=yes
ac_cv_header_libxml_tree_h=yes
ac_cv_header_libxml_xpathInternals_h=yes
ac_cv_header_libxml_xpath_h=yes
ac_cv_header_memory_h=yes
ac_cv_header_ogr_api_h=yes
ac_cv_header_proj_api_h=yes
ac_cv_header_stdc=yes
ac_cv_header_stdint_h=yes
ac_cv_header_stdlib_h=yes
ac_cv_header_string_h=yes
ac_cv_header_strings_h=yes
ac_cv_header_sys_stat_h=yes
ac_cv_header_sys_types_h=yes
ac_cv_header_termios_h=yes
ac_cv_header_unistd_h=yes
ac_cv_host=i686-pc-linux-gnu
ac_cv_lib_c_iconv_open=yes
ac_cv_lib_geos_c_initGEOS=yes
ac_cv_lib_iconv_libiconv_open=no
ac_cv_lib_json_json_object_get=yes
ac_cv_lib_pq_PQserverVersion=yes
ac_cv_lib_proj_pj_get_release=yes
ac_cv_lib_xml2_xmlInitParser=yes
ac_cv_objext=o
ac_cv_path_CPPBIN=/usr/bin/cpp
ac_cv_path_EGREP='/bin/grep -E'
ac_cv_path_FGREP='/bin/grep -F'
ac_cv_path_GDAL_CONFIG=/usr/bin/gdal-config
ac_cv_path_GEOSCONFIG=/usr/local/bin/geos-config
ac_cv_path_GMSGFMT=/usr/bin/msgfmt
ac_cv_path_GREP=/bin/grep
ac_cv_path_IMAGEMAGICK=/usr/bin/convert
ac_cv_path_MSGFMT=/usr/bin/msgfmt
ac_cv_path_MSGMERGE=/usr/bin/msgmerge
ac_cv_path_PERL=/usr/bin/perl
ac_cv_path_PGCONFIG=/usr/bin/pg_config
ac_cv_path_SED=/bin/sed
ac_cv_path_XGETTEXT=/usr/bin/xgettext
ac_cv_path_XML2CONFIG=/usr/bin/xml2-config
ac_cv_path_XSLTPROC=/usr/bin/xsltproc
ac_cv_path_install='/usr/bin/install -c'
ac_cv_path_mkdir=/bin/mkdir
ac_cv_prog_AWK=mawk
ac_cv_prog_CPP='gcc -E'
ac_cv_prog_CXXCPP='g++ -E'
ac_cv_prog_ac_ct_AR=ar
ac_cv_prog_ac_ct_CC=gcc
ac_cv_prog_ac_ct_CXX=g++
ac_cv_prog_ac_ct_MANIFEST_TOOL=mt
ac_cv_prog_ac_ct_OBJDUMP=objdump
ac_cv_prog_ac_ct_RANLIB=ranlib
ac_cv_prog_ac_ct_STRIP=strip
ac_cv_prog_cc_c89=
ac_cv_prog_cc_g=yes
ac_cv_prog_cxx_g=yes
ac_cv_prog_make_make_set=yes
ac_cv_search_GDALAllRegister='none required'
ac_cv_search_GDALFPolygonize='none required'
ac_cv_sys_largefile_source=no
acl_cv_hardcode_direct=no
acl_cv_hardcode_libdir_flag_spec='${wl}-rpath ${wl}$libdir'
acl_cv_hardcode_libdir_separator=
acl_cv_hardcode_minus_L=no
acl_cv_libext=a
acl_cv_libname_spec='lib$name'
acl_cv_library_names_spec='$libname$shrext'
acl_cv_path_LD=/usr/bin/ld
acl_cv_prog_gnu_ld=yes
acl_cv_rpath=done
acl_cv_shlibext=so
acl_cv_wl=-Wl,
dummy_cv_ffloat_store=yes
gt_cv_func_CFLocaleCopyCurrent=no
gt_cv_func_CFPreferencesCopyAppValue=no
gt_cv_func_gnugettext1_libc=yes
lt_cv_ar_at_file=@
lt_cv_archive_cmds_need_lc=no
lt_cv_deplibs_check_method=pass_all
lt_cv_file_magic_cmd='$MAGIC_CMD'
lt_cv_file_magic_test_file=
lt_cv_ld_reload_flag=-r
lt_cv_nm_interface='BSD nm'
lt_cv_objdir=.libs
lt_cv_path_LD=/usr/bin/ld
lt_cv_path_LDCXX=/usr/bin/ld
lt_cv_path_NM='/usr/bin/nm -B'
lt_cv_path_mainfest_tool=no
lt_cv_prog_compiler_c_o=yes
lt_cv_prog_compiler_c_o_CXX=yes
lt_cv_prog_compiler_pic='-fPIC -DPIC'
lt_cv_prog_compiler_pic_CXX='-fPIC -DPIC'
lt_cv_prog_compiler_pic_works=yes
lt_cv_prog_compiler_pic_works_CXX=yes
lt_cv_prog_compiler_rtti_exceptions=no
lt_cv_prog_compiler_static_works=yes
lt_cv_prog_compiler_static_works_CXX=yes
lt_cv_prog_gnu_ld=yes
lt_cv_prog_gnu_ldcxx=yes
lt_cv_sharedlib_from_linklib_cmd='printf %s\n'
lt_cv_shlibpath_overrides_runpath=no
lt_cv_sys_global_symbol_pipe='sed -n -e '\''s/^.*[	 ]\([ABCDGIRSTW][ABCDGIRSTW]*\)[	 ][	 ]*\([_A-Za-z][_A-Za-z0-9]*\)$/\1 \2 \2/p'\'' | sed '\''/ __gnu_lto/d'\'''
lt_cv_sys_global_symbol_to_c_name_address='sed -n -e '\''s/^: \([^ ]*\)[ ]*$/  {\"\1\", (void *) 0},/p'\'' -e '\''s/^[ABCDGIRSTW]* \([^ ]*\) \([^ ]*\)$/  {"\2", (void *) \&\2},/p'\'''
lt_cv_sys_global_symbol_to_c_name_address_lib_prefix='sed -n -e '\''s/^: \([^ ]*\)[ ]*$/  {\"\1\", (void *) 0},/p'\'' -e '\''s/^[ABCDGIRSTW]* \([^ ]*\) \(lib[^ ]*\)$/  {"\2", (void *) \&\2},/p'\'' -e '\''s/^[ABCDGIRSTW]* \([^ ]*\) \([^ ]*\)$/  {"lib\2", (void *) \&\2},/p'\'''
lt_cv_sys_global_symbol_to_cdecl='sed -n -e '\''s/^T .* \(.*\)$/extern int \1();/p'\'' -e '\''s/^[ABCDGIRSTW]* .* \(.*\)$/extern char \1;/p'\'''
lt_cv_sys_max_cmd_len=1572864
lt_cv_to_host_file_cmd=func_convert_file_noop
lt_cv_to_tool_file_cmd=func_convert_file_noop

## ----------------- ##
## Output variables. ##
## ----------------- ##

ANT=''
AR='ar'
AWK='mawk'
CC='gcc'
CFLAGS='-g -O2'
CPP='gcc -E'
CPPBIN='/usr/bin/cpp'
CPPFLAGS=' -I/usr/local/include   -I/usr/include/libxml2'
CUNIT_CPPFLAGS=''
CUNIT_LDFLAGS=''
CXX='g++'
CXXCPP='g++ -E'
CXXFLAGS='-g -O2'
DBLATEX=''
DEFS='-DHAVE_CONFIG_H'
DLLTOOL='false'
DSYMUTIL=''
DUMPBIN=''
ECHO_C=''
ECHO_N='-n'
ECHO_T=''
EGREP='/bin/grep -E'
EXEEXT=''
EXESUFFIX=''
EXTENSIONS='extensions'
FGREP='/bin/grep -F'
GDALFPOLYGONIZE=''
GDAL_CONFIG='/usr/bin/gdal-config'
GEOSCONFIG='/usr/local/bin/geos-config'
GEOS_CPPFLAGS='-I/usr/local/include'
GEOS_LDFLAGS='-L/usr/local/lib'
GETTEXT_CFLAGS=''
GETTEXT_LDFLAGS=''
GETTEXT_MACRO_VERSION='0.17'
GMSGFMT='/usr/bin/msgfmt'
GMSGFMT_015='/usr/bin/msgfmt'
GPP=''
GREP='/bin/grep'
GTK_BUILD=''
GTK_CFLAGS=''
GTK_LIBS=''
GTK_WIN32_FLAGS=''
GTK_WIN32_RES=''
HAVE_JSON='yes'
ICONV_CFLAGS=''
ICONV_LDFLAGS=' -lc'
IGE_MAC_CFLAGS=''
IGE_MAC_LIBS=''
IMAGEMAGICK='/usr/bin/convert'
INSTALL_DATA='${INSTALL} -m 644'
INSTALL_PROGRAM='${INSTALL}'
INSTALL_SCRIPT='${INSTALL}'
INTLLIBS=''
INTL_MACOSX_LIBS=''
JSON_CPPFLAGS=''
JSON_LDFLAGS='-ljson'
LD='/usr/bin/ld'
LDFLAGS=''
LEX=':'
LEXLIB=''
LEX_OUTPUT_ROOT=''
LIBGDAL_CFLAGS='-I/usr/include/gdal'
LIBGDAL_LDFLAGS='-L/usr/lib -lgdal'
LIBICONV='-liconv'
LIBINTL=''
LIBOBJS=''
LIBS=''
LIBTOOL='$(SHELL) $(top_builddir)/libtool'
LIPO=''
LN_S='ln -s'
LTLIBICONV='-liconv'
LTLIBINTL=''
LTLIBOBJS=''
MANIFEST_TOOL=':'
MATHML2_DTD='/usr/share/xml/schema/w3c/mathml/dtd/mathml2.dtd'
MINGWBUILD='0'
MKDIR_P='/bin/mkdir -p'
MSGFMT='/usr/bin/msgfmt'
MSGFMT_015='/usr/bin/msgfmt'
MSGMERGE='/usr/bin/msgmerge'
NM='/usr/bin/nm -B'
NMEDIT=''
NUMERICFLAGS=' -ffloat-store'
OBJDUMP='objdump'
OBJEXT='o'
OTOOL64=''
OTOOL=''
PACKAGE_BUGREPORT=''
PACKAGE_NAME=''
PACKAGE_STRING=''
PACKAGE_TARNAME=''
PACKAGE_URL=''
PACKAGE_VERSION=''
PATH_SEPARATOR=':'
PERL='/usr/bin/perl'
PGCONFIG='/usr/bin/pg_config'
PGSQL_BE_CPPFLAGS='-I/usr/include/postgresql/9.2/server'
PGSQL_BINDIR='/usr/lib/postgresql/9.2/bin'
PGSQL_DOCDIR='/usr/share/doc/postgresql-doc-9.2'
PGSQL_FE_CPPFLAGS='-I/usr/include/postgresql'
PGSQL_FE_LDFLAGS='-L/usr/lib -lpq'
PGSQL_MANDIR='/usr/share/postgresql/9.2/man'
PGSQL_SHAREDIR='/usr/share/postgresql/9.2'
PGXS='/usr/lib/postgresql/9.2/lib/pgxs/src/makefiles/pgxs.mk'
PGXSOVERRIDE='0'
PICFLAGS=' -fPIC -DPIC'
PKG_CONFIG=''
POSTGIS_BUILD_DATE='2014-08-06 21:15:08'
POSTGIS_GDAL_VERSION='19'
POSTGIS_GEOS_VERSION='33'
POSTGIS_LIBXML2_VERSION='2.7.8'
POSTGIS_LIB_VERSION='2.0.3'
POSTGIS_MAJOR_VERSION='2'
POSTGIS_MICRO_VERSION='3'
POSTGIS_MINOR_VERSION='0'
POSTGIS_PGSQL_VERSION='92'
POSTGIS_PROJ_VERSION='47'
POSTGIS_RASTER_BUILD_DATE='2014-08-06 21:15:08'
POSTGIS_RASTER_LIB_VERSION='0.1.6d'
POSTGIS_RASTER_MAJOR_VERSION='0'
POSTGIS_RASTER_MICRO_VERSION='6d'
POSTGIS_RASTER_MINOR_VERSION='1'
POSTGIS_RASTER_SCRIPTS_VERSION='0.1.6d'
POSTGIS_RASTER_VERSION='0.1'
POSTGIS_SCRIPTS_VERSION='2.0.3'
POSTGIS_VERSION='2.0 USE_GEOS=1 USE_PROJ=1 USE_STATS=1'
POSUB='po'
PROJ_CPPFLAGS=''
PROJ_LDFLAGS=''
RANLIB='ranlib'
RASTER='raster'
RT_CORE_LIB='corelib'
RT_LOADER='rtloader'
RT_PG_LIB='pglib'
RT_POSTGIS_SQL='rtpostgis.sql'
SED='/bin/sed'
SET_MAKE=''
SHELL='/bin/bash'
SHLIB_LINK=' -L/usr/local/lib  -lgeos_c -lproj -ljson -L/usr/lib/i386-linux-gnu -lxml2'
SQLPP='/usr/bin/cpp -traditional-cpp -P'
SRID_MAX='999999'
SRID_USR_MAX='998999'
STRIP='strip'
TOPOLOGY='topology'
USE_NLS='no'
WARNFLAGS=' -Wall -Wmissing-prototypes'
XGETTEXT='/usr/bin/xgettext'
XGETTEXT_015='/usr/bin/xgettext'
XGETTEXT_EXTRA_OPTIONS=''
XML2CONFIG='/usr/bin/xml2-config'
XMLLINT=''
XSLBASE='/usr/share/xml/docbook/stylesheet/nwalsh'
XSLTPROC='/usr/bin/xsltproc'
YACC='yacc'
YFLAGS=''
ac_ct_AR='ar'
ac_ct_CC='gcc'
ac_ct_CXX='g++'
ac_ct_DUMPBIN=''
bindir='${exec_prefix}/bin'
build='i686-pc-linux-gnu'
build_alias=''
build_cpu='i686'
build_os='linux-gnu'
build_vendor='pc'
datadir='${datarootdir}'
datarootdir='${prefix}/share'
docdir='${datarootdir}/doc/${PACKAGE}'
dvidir='${docdir}'
exec_prefix='${prefix}'
host='i686-pc-linux-gnu'
host_alias=''
host_cpu='i686'
host_os='linux-gnu'
host_vendor='pc'
htmldir='${docdir}'
includedir='${prefix}/include'
infodir='${datarootdir}/info'
libdir='${exec_prefix}/lib'
libexecdir='${exec_prefix}/libexec'
localedir='${datarootdir}/locale'
localstatedir='${prefix}/var'
mandir='${datarootdir}/man'
mkdir_p='/bin/mkdir -p'
oldincludedir='/usr/include'
pdfdir='${docdir}'
prefix='/usr/local'
program_transform_name='s,x,x,'
psdir='${docdir}'
sbindir='${exec_prefix}/sbin'
sharedstatedir='${prefix}/com'
sysconfdir='${prefix}/etc'
target_alias=''

## ----------- ##
## confdefs.h. ##
## ----------- ##

/* confdefs.h */
#define PACKAGE_NAME ""
#define PACKAGE_TARNAME ""
#define PACKAGE_VERSION ""
#define PACKAGE_STRING ""
#define PACKAGE_BUGREPORT ""
#define PACKAGE_URL ""
#define STDC_HEADERS 1
#define HAVE_SYS_TYPES_H 1
#define HAVE_SYS_STAT_H 1
#define HAVE_STDLIB_H 1
#define HAVE_STRING_H 1
#define HAVE_MEMORY_H 1
#define HAVE_STRINGS_H 1
#define HAVE_INTTYPES_H 1
#define HAVE_STDINT_H 1
#define HAVE_UNISTD_H 1
#define HAVE_DLFCN_H 1
#define LT_OBJDIR ".libs/"
#define POSTGIS_MAJOR_VERSION "2"
#define POSTGIS_MINOR_VERSION "0"
#define POSTGIS_MICRO_VERSION "3"
#define HAVE_IEEEFP_H 0
#define HAVE_TERMIOS_H 1
#define HAVE_VASPRINTF 1
#define HAVE_ASPRINTF 1
#define HAVE_FSEEKO 1
#define HAVE_ICONV 1
#define PGSQL_LOCALEDIR "/usr/share/locale"
#define HAVE_LIBPQ 1
#define POSTGIS_PGSQL_VERSION 92
#define HAVE_LIBXML_TREE_H 1
#define HAVE_LIBXML_PARSER_H 1
#define HAVE_LIBXML_XPATH_H 1
#define HAVE_LIBXML_XPATHINTERNALS_H 1
#define HAVE_LIBXML2 1
#define POSTGIS_LIBXML2_VERSION "2.7.8"
#define HAVE_LIBGEOS_C 1
#define POSTGIS_GEOS_VERSION 33
#define ENABLE_NLS 1
#define HAVE_GETTEXT 1
#define HAVE_DCGETTEXT 1
#define POSTGIS_PROJ_VERSION 47
#define HAVE_LIBPROJ 1
#define HAVE_LIBJSON 1
#define POSTGIS_DEBUG_LEVEL 0
#define POSTGIS_PROFILE 0
#define POSTGIS_VERSION "2.0 USE_GEOS=1 USE_PROJ=1 USE_STATS=1"
#define POSTGIS_LIB_VERSION "2.0.3"
#define POSTGIS_BUILD_DATE "2014-08-06 21:15:08"
#define POSTGIS_SCRIPTS_VERSION "2.0.3"
#define POSTGIS_AUTOCACHE_BBOX 1
#define POSTGIS_USE_STATS 1
#define POSTGIS_RASTER_MAJOR_VERSION "0"
#define POSTGIS_RASTER_MINOR_VERSION "1"
#define POSTGIS_RASTER_MICRO_VERSION "6d"
#define POSTGIS_RASTER_VERSION "0.1"
#define POSTGIS_RASTER_LIB_VERSION "0.1.6d"
#define POSTGIS_RASTER_BUILD_DATE "2014-08-06 21:15:08"
#define POSTGIS_RASTER_SCRIPTS_VERSION "0.1.6d"
#define POSTGIS_RASTER_WARN_ON_TRUNCATION 0
#define POSTGIS_GDAL_VERSION 19
#define HAVE_GDAL_H 1
#define HAVE_OGR_API_H 1
#define HAVE_CPL_CONV_H 1
#define GDALFPOLYGONIZE 1

configure: exit 0
